<?xml version="1.0" encoding="UTF-8" standalone="yes"?><!DOCTYPE report PUBLIC "-//JACOCO//DTD Report 1.1//EN" "report.dtd"><report name="Impulse"><sessioninfo id="cs-700834448452-default-e7f40742" start="1682362164749" dump="1682362165845"/><sessioninfo id="cs-700834448452-default-5ab0c318" start="1682362293649" dump="1682362294641"/><sessioninfo id="cs-700834448452-default-88a37adb" start="1682362422004" dump="1682362423308"/><sessioninfo id="cs-700834448452-default-897f91e8" start="1682362722068" dump="1682362723496"/><sessioninfo id="cs-700834448452-default-611a24cb" start="1682362837908" dump="1682362838834"/><sessioninfo id="cs-700834448452-default-cc622b16" start="1682441023985" dump="1682441025027"/><sessioninfo id="cs-700834448452-default-b4d42463" start="1682441209534" dump="1682441210488"/><sessioninfo id="cs-700834448452-default-b02e73c9" start="1682441366995" dump="1682441368171"/><sessioninfo id="cs-700834448452-default-fba069e8" start="1682441553964" dump="1682441555721"/><sessioninfo id="cs-700834448452-default-c3216c84" start="1682441633506" dump="1682441634500"/><sessioninfo id="cs-700834448452-default-39265de" start="1682442689546" dump="1682442690416"/><sessioninfo id="cs-700834448452-default-a7f5eba" start="1682443153318" dump="1682443154567"/><sessioninfo id="cs-700834448452-default-3d8ff82b" start="1682443489315" dump="1682443490437"/><sessioninfo id="cs-700834448452-default-5b78060d" start="1682443791072" dump="1682443792123"/><sessioninfo id="cs-700834448452-default-578718f6" start="1682444021792" dump="1682444022743"/><sessioninfo id="cs-700834448452-default-71eb5b05" start="1682444172838" dump="1682444173931"/><sessioninfo id="cs-700834448452-default-7740e6a6" start="1682444517491" dump="1682444518374"/><sessioninfo id="cs-700834448452-default-3e8df5f2" start="1682444909907" dump="1682444911031"/><sessioninfo id="cs-700834448452-default-4b499ce4" start="1682445021326" dump="1682445022300"/><sessioninfo id="cs-700834448452-default-e80d6659" start="1682445431246" dump="1682445432299"/><sessioninfo id="cs-700834448452-default-5eb1a40f" start="1682445619623" dump="1682445620584"/><sessioninfo id="cs-700834448452-default-9d239c67" start="1682446017839" dump="1682446018630"/><sessioninfo id="cs-700834448452-default-ed8fc16" start="1682446286881" dump="1682446287769"/><sessioninfo id="cs-700834448452-default-6b0783be" start="1682446472814" dump="1682446473715"/><sessioninfo id="cs-700834448452-default-b5b2914d" start="1682446625764" dump="1682446626697"/><sessioninfo id="cs-700834448452-default-387c449a" start="1682446933423" dump="1682446934477"/><sessioninfo id="cs-700834448452-default-1b25c968" start="1682447065495" dump="1682447066450"/><sessioninfo id="cs-700834448452-default-e097d816" start="1682447166837" dump="1682447167741"/><sessioninfo id="cs-700834448452-default-be171a90" start="1682447293432" dump="1682447294567"/><sessioninfo id="cs-700834448452-default-9e74e371" start="1682447341225" dump="1682447342200"/><sessioninfo id="cs-700834448452-default-b55c1ac2" start="1682447643431" dump="1682447644621"/><sessioninfo id="cs-700834448452-default-ab10703" start="1682450937813" dump="1682450938856"/><sessioninfo id="cs-700834448452-default-d688ebb1" start="1682451020199" dump="1682451021289"/><sessioninfo id="cs-700834448452-default-bbdde0c4" start="1682451177200" dump="1682451178472"/><sessioninfo id="cs-700834448452-default-7c2f2be2" start="1682451261628" dump="1682451262547"/><sessioninfo id="cs-700834448452-default-20033c78" start="1682451329357" dump="1682451330347"/><sessioninfo id="cs-700834448452-default-cf175c2e" start="1682451484553" dump="1682451485611"/><sessioninfo id="cs-700834448452-default-4edba9ef" start="1682451589831" dump="1682451591013"/><sessioninfo id="cs-700834448452-default-106c4826" start="1682452253400" dump="1682452254335"/><sessioninfo id="cs-700834448452-default-36001602" start="1682452483257" dump="1682452484408"/><sessioninfo id="cs-700834448452-default-8826955d" start="1682525080317" dump="1682525081730"/><sessioninfo id="cs-700834448452-default-123e3068" start="1682525979042" dump="1682525980022"/><sessioninfo id="cs-700834448452-default-53495923" start="1682526094634" dump="1682526095496"/><sessioninfo id="cs-700834448452-default-c7fc93af" start="1682526386995" dump="1682526388146"/><sessioninfo id="cs-700834448452-default-e0db9621" start="1682526509244" dump="1682526510327"/><sessioninfo id="cs-700834448452-default-164c51f2" start="1682526717238" dump="1682526718290"/><sessioninfo id="cs-700834448452-default-22d6e77c" start="1682526937551" dump="1682526938448"/><sessioninfo id="cs-700834448452-default-7f0eb3ae" start="1682527697867" dump="1682527698885"/><sessioninfo id="cs-700834448452-default-c11e5a02" start="1682528196172" dump="1682528197201"/><sessioninfo id="cs-700834448452-default-5161c8a3" start="1682528297452" dump="1682528298804"/><sessioninfo id="cs-700834448452-default-7b39b9e" start="1682529412701" dump="1682529414345"/><sessioninfo id="cs-700834448452-default-a93f6aac" start="1682529575303" dump="1682529576324"/><sessioninfo id="cs-700834448452-default-848a8a28" start="1682529921090" dump="1682529922254"/><sessioninfo id="cs-700834448452-default-a5c3f315" start="1682530102550" dump="1682530104085"/><sessioninfo id="cs-700834448452-default-fd1acaa9" start="1682530496504" dump="1682530497359"/><sessioninfo id="cs-700834448452-default-97455cdb" start="1682531271926" dump="1682531272939"/><sessioninfo id="cs-700834448452-default-ac4769e3" start="1682531388975" dump="1682531390018"/><sessioninfo id="cs-700834448452-default-2a9d9560" start="1682531563304" dump="1682531564295"/><sessioninfo id="cs-700834448452-default-d9ec9051" start="1682531816306" dump="1682531817150"/><sessioninfo id="cs-700834448452-default-d9c29801" start="1682531911924" dump="1682531913170"/><sessioninfo id="cs-700834448452-default-8afb118e" start="1682532131051" dump="1682532132052"/><sessioninfo id="cs-700834448452-default-b8311930" start="1682532381862" dump="1682532382972"/><sessioninfo id="cs-700834448452-default-b4ebbb4e" start="1682535499608" dump="1682535500768"/><sessioninfo id="cs-700834448452-default-d0cad708" start="1682535649071" dump="1682535650233"/><sessioninfo id="cs-700834448452-default-31045dd4" start="1682535783661" dump="1682535784807"/><sessioninfo id="cs-700834448452-default-5be97e75" start="1682535883961" dump="1682535884958"/><sessioninfo id="cs-700834448452-default-205c58ed" start="1682537321078" dump="1682537321971"/><sessioninfo id="cs-700834448452-default-5ac670b3" start="1682615627804" dump="1682615628524"/><sessioninfo id="cs-700834448452-default-3028ee34" start="1682616042754" dump="1682616043745"/><sessioninfo id="cs-700834448452-default-1fdd48bc" start="1682616178741" dump="1682616179448"/><sessioninfo id="cs-700834448452-default-e66692f9" start="1682616317405" dump="1682616318129"/><sessioninfo id="cs-700834448452-default-ff3e5e77" start="1682616424390" dump="1682616425136"/><sessioninfo id="cs-700834448452-default-6d878fbd" start="1682617033811" dump="1682617034520"/><sessioninfo id="cs-700834448452-default-457d87b1" start="1682617309865" dump="1682617310597"/><sessioninfo id="cs-700834448452-default-65ebe4b6" start="1682617699311" dump="1682617700123"/><sessioninfo id="cs-700834448452-default-d9d31cfa" start="1682617979353" dump="1682617980006"/><sessioninfo id="cs-700834448452-default-f9905e55" start="1682618122496" dump="1682618123262"/><sessioninfo id="cs-700834448452-default-7fdd0c86" start="1682618735479" dump="1682618736286"/><sessioninfo id="cs-700834448452-default-34e11b68" start="1682618802778" dump="1682618803625"/><sessioninfo id="cs-700834448452-default-418fc5c6" start="1682618924746" dump="1682618925716"/><sessioninfo id="cs-700834448452-default-a1f49206" start="1682619319534" dump="1682619320376"/><sessioninfo id="cs-700834448452-default-9b17f3d6" start="1682619441988" dump="1682619442719"/><sessioninfo id="cs-700834448452-default-9883d230" start="1682619461769" dump="1682619462389"/><sessioninfo id="cs-700834448452-default-a310edf" start="1682619648634" dump="1682619649356"/><sessioninfo id="cs-700834448452-default-ce3ae473" start="1682700306492" dump="1682700307485"/><sessioninfo id="cs-700834448452-default-203d812d" start="1682701278255" dump="1682701279373"/><sessioninfo id="cs-700834448452-default-4e30fc6a" start="1682701480013" dump="1682701481177"/><sessioninfo id="cs-700834448452-default-9eac86dc" start="1682701988964" dump="1682701990051"/><sessioninfo id="cs-700834448452-default-54377729" start="1682702258687" dump="1682702259732"/><sessioninfo id="cs-700834448452-default-c6489530" start="1682702329518" dump="1682702330463"/><sessioninfo id="cs-700834448452-default-c25335" start="1682702423023" dump="1682702423969"/><sessioninfo id="cs-700834448452-default-56bc45" start="1682702537554" dump="1682702538613"/><sessioninfo id="cs-700834448452-default-905d575d" start="1682702680025" dump="1682702680879"/><sessioninfo id="cs-700834448452-default-f2d52bf4" start="1682702867252" dump="1682702868087"/><sessioninfo id="cs-700834448452-default-c46db3a1" start="1682703000074" dump="1682703000937"/><sessioninfo id="cs-700834448452-default-6daed8aa" start="1682703667846" dump="1682703669043"/><sessioninfo id="cs-700834448452-default-d6d2cafb" start="1682703776324" dump="1682703777341"/><sessioninfo id="cs-700834448452-default-bc5f1872" start="1682704422942" dump="1682704424032"/><sessioninfo id="cs-700834448452-default-ade00efd" start="1682704671606" dump="1682704672596"/><sessioninfo id="cs-700834448452-default-12bb68b7" start="1682705254451" dump="1682705255450"/><sessioninfo id="cs-700834448452-default-e6b4fd8" start="1682705380830" dump="1682705381969"/><sessioninfo id="cs-700834448452-default-fa3cad5b" start="1682705735797" dump="1682705736950"/><sessioninfo id="cs-700834448452-default-48735c17" start="1682708178190" dump="1682708179550"/><sessioninfo id="cs-700834448452-default-3666d14c" start="1682709047395" dump="1682709048337"/><sessioninfo id="cs-700834448452-default-d366c3eb" start="1682709158436" dump="1682709159444"/><sessioninfo id="cs-700834448452-default-abf5cd9" start="1682709822163" dump="1682709823072"/><sessioninfo id="cs-700834448452-default-79ff632e" start="1684419762643" dump="1684419763536"/><sessioninfo id="cs-700834448452-default-3e0a200e" start="1684420103040" dump="1684420103827"/><sessioninfo id="cs-700834448452-default-8377c646" start="1684422271854" dump="1684422272560"/><sessioninfo id="cs-700834448452-default-87e58aa7" start="1684422878620" dump="1684422879438"/><sessioninfo id="cs-700834448452-default-4bfbaaf0" start="1684423495986" dump="1684423497046"/><sessioninfo id="cs-700834448452-default-4c42ad69" start="1684423617487" dump="1684423618268"/><sessioninfo id="cs-700834448452-default-eaffd395" start="1684423706661" dump="1684423707344"/><sessioninfo id="cs-700834448452-default-349a3247" start="1684424169495" dump="1684424170240"/><sessioninfo id="cs-700834448452-default-e29fa38d" start="1684424258772" dump="1684424259609"/><sessioninfo id="cs-700834448452-default-10650a0e" start="1684426159465" dump="1684426160163"/><sessioninfo id="cs-700834448452-default-9d2ec514" start="1684490976507" dump="1684490977886"/><sessioninfo id="cs-700834448452-default-42d0b6d1" start="1684491194834" dump="1684491196229"/><sessioninfo id="cs-700834448452-default-21fc5223" start="1684491756331" dump="1684491757312"/><sessioninfo id="cs-700834448452-default-e08346d9" start="1684491952063" dump="1684491953242"/><sessioninfo id="cs-700834448452-default-94e6f3b4" start="1684493525374" dump="1684493527160"/><sessioninfo id="cs-700834448452-default-76158116" start="1684493696071" dump="1684493697270"/><sessioninfo id="cs-700834448452-default-f30f5ea" start="1684493795350" dump="1684493796401"/><sessioninfo id="cs-700834448452-default-4ce532b0" start="1684493948372" dump="1684493949557"/><sessioninfo id="cs-700834448452-default-59c247a0" start="1684496929917" dump="1684496931206"/><sessioninfo id="cs-700834448452-default-a637e588" start="1684497055305" dump="1684497056227"/><sessioninfo id="cs-700834448452-default-a6bc4076" start="1684497587154" dump="1684497588183"/><sessioninfo id="cs-700834448452-default-368da381" start="1684507933878" dump="1684507934999"/><sessioninfo id="cs-700834448452-default-4112e329" start="1684508209072" dump="1684508210363"/><sessioninfo id="cs-700834448452-default-a12d5617" start="1684508405389" dump="1684508406627"/><sessioninfo id="cs-700834448452-default-fd94f4eb" start="1684508637113" dump="1684508638208"/><sessioninfo id="cs-700834448452-default-2996a6e1" start="1684509183655" dump="1684509184679"/><sessioninfo id="cs-700834448452-default-eefe1af2" start="1684509384097" dump="1684509385081"/><sessioninfo id="cs-700834448452-default-9dbb1ef0" start="1684509939430" dump="1684509940464"/><sessioninfo id="cs-700834448452-default-ad162529" start="1684510138739" dump="1684510140067"/><sessioninfo id="cs-700834448452-default-ef14abab" start="1684510722432" dump="1684510723455"/><sessioninfo id="cs-700834448452-default-f33a054b" start="1684511646306" dump="1684511647610"/><sessioninfo id="cs-700834448452-default-58d8b8cb" start="1684511820175" dump="1684511821427"/><sessioninfo id="cs-700834448452-default-7d3d4d5f" start="1684511936049" dump="1684511937253"/><sessioninfo id="cs-700834448452-default-bc699563" start="1684512459043" dump="1684512460284"/><sessioninfo id="cs-700834448452-default-30631c4c" start="1684512548328" dump="1684512549335"/><sessioninfo id="cs-700834448452-default-3b0595de" start="1684512717750" dump="1684512718860"/><sessioninfo id="cs-700834448452-default-78cdef9" start="1684512797335" dump="1684512798608"/><sessioninfo id="cs-700834448452-default-dede701e" start="1684512952704" dump="1684512953816"/><sessioninfo id="cs-700834448452-default-5517416" start="1684513119081" dump="1684513120308"/><sessioninfo id="cs-700834448452-default-fd948dbb" start="1684513602643" dump="1684513604066"/><sessioninfo id="cs-700834448452-default-cfbb61a1" start="1684513720610" dump="1684513721696"/><sessioninfo id="cs-700834448452-default-6dfb6ab7" start="1684513943810" dump="1684513944853"/><sessioninfo id="cs-700834448452-default-abd2f2ee" start="1684514872640" dump="1684514873702"/><sessioninfo id="cs-700834448452-default-d6b5453a" start="1684515028753" dump="1684515029854"/><sessioninfo id="cs-700834448452-default-cb95036d" start="1684515530091" dump="1684515531186"/><sessioninfo id="cs-700834448452-default-2292544e" start="1684516181734" dump="1684516182653"/><sessioninfo id="cs-700834448452-default-d0d361c" start="1684516349185" dump="1684516350331"/><sessioninfo id="cs-700834448452-default-8e472c5" start="1684516701471" dump="1684516703427"/><sessioninfo id="cs-700834448452-default-5aba4adc" start="1684516853331" dump="1684516854555"/><sessioninfo id="cs-700834448452-default-5f0f9656" start="1684517000329" dump="1684517001596"/><sessioninfo id="cs-700834448452-default-1a13ab3d" start="1684517392277" dump="1684517393482"/><sessioninfo id="cs-700834448452-default-4ce411d2" start="1684517635599" dump="1684517636744"/><sessioninfo id="cs-700834448452-default-3aaa6115" start="1684517756443" dump="1684517757484"/><sessioninfo id="cs-700834448452-default-44d5b707" start="1684517886391" dump="1684517887418"/><sessioninfo id="cs-700834448452-default-af17b251" start="1684577747323" dump="1684577748330"/><sessioninfo id="cs-700834448452-default-8c460c97" start="1684577846749" dump="1684577847557"/><sessioninfo id="cs-700834448452-default-1ab705f6" start="1684578348023" dump="1684578348711"/><sessioninfo id="cs-700834448452-default-5a93cc43" start="1684579328885" dump="1684579329630"/><sessioninfo id="cs-700834448452-default-ace9ac9a" start="1684579437630" dump="1684579438351"/><sessioninfo id="cs-700834448452-default-401ca3a6" start="1684579804890" dump="1684579805737"/><sessioninfo id="cs-700834448452-default-5616c880" start="1684580917192" dump="1684580917866"/><sessioninfo id="cs-700834448452-default-794427f6" start="1684581072205" dump="1684581072887"/><sessioninfo id="cs-700834448452-default-aa9949db" start="1684581399174" dump="1684581400046"/><sessioninfo id="cs-700834448452-default-912556a6" start="1684582630818" dump="1684582631589"/><sessioninfo id="cs-700834448452-default-d929a85b" start="1684582854999" dump="1684582855665"/><sessioninfo id="cs-700834448452-default-cc06ac7a" start="1684582928939" dump="1684582929584"/><sessioninfo id="cs-700834448452-default-5b212755" start="1684584607197" dump="1684584607943"/><sessioninfo id="cs-700834448452-default-a557847e" start="1684584677274" dump="1684584677994"/><sessioninfo id="cs-700834448452-default-92bb4480" start="1684584863382" dump="1684584864061"/><sessioninfo id="cs-700834448452-default-b0d6a70c" start="1684584917088" dump="1684584917855"/><sessioninfo id="cs-700834448452-default-f2b2cd58" start="1684585003943" dump="1684585004841"/><sessioninfo id="cs-700834448452-default-31f0ec95" start="1684585065006" dump="1684585065757"/><sessioninfo id="cs-700834448452-default-507fcae9" start="1684587408697" dump="1684587409378"/><sessioninfo id="cs-700834448452-default-985b4d1" start="1684587549349" dump="1684587550025"/><sessioninfo id="cs-700834448452-default-647fef48" start="1684587664699" dump="1684587665400"/><sessioninfo id="cs-700834448452-default-51cae945" start="1684588468520" dump="1684588469255"/><sessioninfo id="cs-700834448452-default-3f324350" start="1684588515467" dump="1684588516155"/><sessioninfo id="cs-700834448452-default-463b352a" start="1684588579765" dump="1684588580436"/><sessioninfo id="cs-700834448452-default-8540b3a5" start="1684589463038" dump="1684589463760"/><sessioninfo id="cs-700834448452-default-5b63bc3" start="1684589672210" dump="1684589673352"/><sessioninfo id="cs-700834448452-default-7fb199cc" start="1684589878465" dump="1684589879275"/><sessioninfo id="cs-700834448452-default-74a1257a" start="1684590006570" dump="1684590007342"/><sessioninfo id="cs-700834448452-default-de9c07c8" start="1684590376486" dump="1684590377134"/><sessioninfo id="cs-700834448452-default-b8f85383" start="1684590570565" dump="1684590571401"/><sessioninfo id="cs-700834448452-default-b44114dd" start="1684590644354" dump="1684590645026"/><sessioninfo id="cs-700834448452-default-b31f73ae" start="1684590855959" dump="1684590856602"/><sessioninfo id="cs-700834448452-default-a004422c" start="1684591012935" dump="1684591013946"/><sessioninfo id="cs-700834448452-default-3cb42f74" start="1684591059181" dump="1684591059858"/><sessioninfo id="cs-700834448452-default-a20e19c8" start="1684591082041" dump="1684591082764"/><sessioninfo id="cs-700834448452-default-4e221c49" start="1684591293716" dump="1684591294455"/><sessioninfo id="cs-700834448452-default-b5654406" start="1684680904770" dump="1684680905572"/><sessioninfo id="cs-700834448452-default-b1e7267c" start="1684683017463" dump="1684683018287"/><sessioninfo id="cs-700834448452-default-12add65c" start="1684683268678" dump="1684683269482"/><sessioninfo id="cs-700834448452-default-4b63a0f1" start="1684683631736" dump="1684683632617"/><sessioninfo id="cs-700834448452-default-be23cc05" start="1684683778981" dump="1684683779885"/><sessioninfo id="cs-700834448452-default-cdffa7f4" start="1684684048589" dump="1684684049385"/><sessioninfo id="cs-700834448452-default-8a4b9cb2" start="1685638878551" dump="1685638879676"/><sessioninfo id="cs-700834448452-default-4934b754" start="1685639164108" dump="1685639165120"/><sessioninfo id="cs-700834448452-default-728e3298" start="1685639399913" dump="1685639401056"/><sessioninfo id="cs-700834448452-default-358d671b" start="1685639960146" dump="1685639960955"/><sessioninfo id="cs-700834448452-default-e62d8cc1" start="1685641252612" dump="1685641253513"/><sessioninfo id="cs-700834448452-default-c98a5cb0" start="1685641480802" dump="1685641481684"/><sessioninfo id="cs-700834448452-default-70a38832" start="1685641561921" dump="1685641562791"/><sessioninfo id="cs-700834448452-default-332d05a6" start="1685641810521" dump="1685641811634"/><sessioninfo id="cs-700834448452-default-1ec6d837" start="1685641908289" dump="1685641909241"/><sessioninfo id="cs-700834448452-default-ded00a72" start="1685642190326" dump="1685642191266"/><sessioninfo id="cs-700834448452-default-d26b0f8e" start="1685642483412" dump="1685642484449"/><sessioninfo id="cs-700834448452-default-4b0c2435" start="1685642654210" dump="1685642655153"/><sessioninfo id="cs-700834448452-default-933ef2ac" start="1685642818072" dump="1685642819028"/><sessioninfo id="cs-700834448452-default-6763aa1c" start="1685642920192" dump="1685642920966"/><sessioninfo id="cs-700834448452-default-fc019593" start="1685643258661" dump="1685643259649"/><sessioninfo id="cs-700834448452-default-c968a4cd" start="1685643549669" dump="1685643550585"/><sessioninfo id="cs-700834448452-default-e7b410d7" start="1685643712166" dump="1685643713088"/><sessioninfo id="cs-700834448452-default-d4528cbb" start="1685644052213" dump="1685644053137"/><sessioninfo id="cs-700834448452-default-a1f33583" start="1685644403088" dump="1685644403907"/><sessioninfo id="cs-700834448452-default-a298a31d" start="1685644705039" dump="1685644705940"/><sessioninfo id="cs-700834448452-default-7908f79c" start="1685644924446" dump="1685644925429"/><sessioninfo id="cs-700834448452-default-89e32fc" start="1685645110280" dump="1685645111541"/><sessioninfo id="cs-700834448452-default-3818f131" start="1685645256440" dump="1685645257351"/><sessioninfo id="cs-700834448452-default-96642ce7" start="1685645354463" dump="1685645355394"/><sessioninfo id="cs-700834448452-default-da732c6a" start="1685645452163" dump="1685645453090"/><sessioninfo id="cs-700834448452-default-f9428481" start="1685645538954" dump="1685645539941"/><sessioninfo id="cs-700834448452-default-9144a591" start="1685645709176" dump="1685645710233"/><sessioninfo id="cs-700834448452-default-669530b8" start="1685645922463" dump="1685645923380"/><sessioninfo id="cs-700834448452-default-72264199" start="1685646043726" dump="1685646044785"/><sessioninfo id="cs-700834448452-default-4f8233c4" start="1685646124789" dump="1685646125831"/><sessioninfo id="cs-700834448452-default-62b6725a" start="1685646400883" dump="1685646401752"/><sessioninfo id="cs-700834448452-default-413c350a" start="1685646769727" dump="1685646771264"/><sessioninfo id="cs-700834448452-default-476206cb" start="1685646928478" dump="1685646929416"/><sessioninfo id="cs-700834448452-default-cca6afc5" start="1685647038721" dump="1685647039706"/><sessioninfo id="cs-700834448452-default-601cf3eb" start="1685647108379" dump="1685647109307"/><sessioninfo id="cs-700834448452-default-d5aab79" start="1685647247329" dump="1685647248299"/><sessioninfo id="cs-700834448452-default-ed397bb5" start="1685650164212" dump="1685650165190"/><sessioninfo id="cs-700834448452-default-b430571f" start="1685650373938" dump="1685650375071"/><sessioninfo id="cs-700834448452-default-6f6c6af0" start="1685976314500" dump="1685976315560"/><sessioninfo id="cs-700834448452-default-49d27f91" start="1685978256584" dump="1685978257552"/><sessioninfo id="cs-700834448452-default-4638ab6f" start="1685978531676" dump="1685978532764"/><sessioninfo id="cs-700834448452-default-f9ff40de" start="1685978822464" dump="1685978823385"/><sessioninfo id="cs-700834448452-default-57f3ec72" start="1685979974270" dump="1685979975385"/><sessioninfo id="cs-700834448452-default-20d53645" start="1685980815720" dump="1685980816692"/><sessioninfo id="cs-700834448452-default-1156a750" start="1685980999618" dump="1685981000780"/><sessioninfo id="cs-700834448452-default-72d4408f" start="1685981157775" dump="1685981159077"/><sessioninfo id="cs-700834448452-default-b7576f98" start="1685981302719" dump="1685981303546"/><sessioninfo id="cs-700834448452-default-4967a7bf" start="1685981368342" dump="1685981369575"/><sessioninfo id="cs-700834448452-default-d6ad0242" start="1685981592467" dump="1685981593440"/><sessioninfo id="cs-700834448452-default-85ff5c58" start="1685981937937" dump="1685981938916"/><sessioninfo id="cs-700834448452-default-ad136cf4" start="1685981996170" dump="1685981997071"/><sessioninfo id="cs-700834448452-default-699a71f3" start="1685982071246" dump="1685982072359"/><sessioninfo id="cs-700834448452-default-c88cdc76" start="1685982208129" dump="1685982209099"/><sessioninfo id="cs-700834448452-default-bbf44ba3" start="1685982564753" dump="1685982565999"/><sessioninfo id="cs-700834448452-default-755dfba5" start="1685982830071" dump="1685982831712"/><sessioninfo id="cs-700834448452-default-e4af89ef" start="1685982915746" dump="1685982916811"/><sessioninfo id="cs-700834448452-default-c1fcffa5" start="1685982998982" dump="1685983000364"/><sessioninfo id="cs-700834448452-default-bd500bfc" start="1685983077820" dump="1685983078814"/><sessioninfo id="cs-700834448452-default-acb4a082" start="1685983171967" dump="1685983172884"/><sessioninfo id="cs-700834448452-default-205c3c3d" start="1685983338882" dump="1685983339876"/><sessioninfo id="cs-700834448452-default-6f2c6d4" start="1685983603823" dump="1685983604786"/><sessioninfo id="cs-700834448452-default-330cd771" start="1685983795080" dump="1685983796028"/><sessioninfo id="cs-700834448452-default-d981e923" start="1685983980958" dump="1685983982057"/><sessioninfo id="cs-700834448452-default-5a1b696b" start="1685984066297" dump="1685984067275"/><sessioninfo id="cs-700834448452-default-eec550a" start="1685984198566" dump="1685984200359"/><sessioninfo id="cs-700834448452-default-b4ef8439" start="1685984348782" dump="1685984349762"/><sessioninfo id="cs-700834448452-default-10fb7436" start="1685984538547" dump="1685984539656"/><sessioninfo id="cs-700834448452-default-ba562ec5" start="1685984646362" dump="1685984647263"/><sessioninfo id="cs-700834448452-default-55c8ff34" start="1685984837588" dump="1685984838521"/><sessioninfo id="cs-700834448452-default-fccaed6" start="1685984930820" dump="1685984931643"/><sessioninfo id="cs-700834448452-default-6209e25c" start="1685985142308" dump="1685985143424"/><sessioninfo id="cs-700834448452-default-9f2461d7" start="1685985273571" dump="1685985274649"/><sessioninfo id="cs-700834448452-default-b8bc330a" start="1685985485314" dump="1685985486328"/><sessioninfo id="cs-700834448452-default-21276a1d" start="1685985641245" dump="1685985642199"/><sessioninfo id="cs-700834448452-default-c25cc049" start="1685985737655" dump="1685985738534"/><sessioninfo id="cs-700834448452-default-7fa205b1" start="1685985951305" dump="1685985952274"/><sessioninfo id="cs-700834448452-default-fd09462" start="1685986939684" dump="1685986941015"/><sessioninfo id="cs-700834448452-default-7ab1cf98" start="1685987208796" dump="1685987210064"/><sessioninfo id="cs-700834448452-default-e0a3dcbc" start="1685988178795" dump="1685988179814"/><sessioninfo id="cs-700834448452-default-b22a0fea" start="1685988329075" dump="1685988330119"/><sessioninfo id="cs-700834448452-default-de5b2549" start="1685988413279" dump="1685988414391"/><sessioninfo id="cs-700834448452-default-534a93cd" start="1685988504339" dump="1685988505424"/><sessioninfo id="cs-700834448452-default-2268b82f" start="1685988632811" dump="1685988633877"/><sessioninfo id="cs-700834448452-default-77f11122" start="1685988805554" dump="1685988806384"/><sessioninfo id="cs-700834448452-default-8c9047d1" start="1685988871147" dump="1685988872182"/><sessioninfo id="cs-700834448452-default-1234275e" start="1685989036853" dump="1685989037869"/><sessioninfo id="cs-700834448452-default-5237dfbb" start="1685989136184" dump="1685989137226"/><sessioninfo id="cs-700834448452-default-7818936f" start="1685989474456" dump="1685989475512"/><sessioninfo id="cs-700834448452-default-1be24005" start="1685989580959" dump="1685989581997"/><sessioninfo id="cs-700834448452-default-20a40c34" start="1685989684621" dump="1685989685460"/><sessioninfo id="cs-700834448452-default-51adaea" start="1685989776700" dump="1685989777689"/><sessioninfo id="cs-700834448452-default-67a0c851" start="1685990228583" dump="1685990229583"/><sessioninfo id="cs-700834448452-default-f27f9532" start="1685990472620" dump="1685990473806"/><sessioninfo id="cs-700834448452-default-d2e71eac" start="1685990545578" dump="1685990546450"/><sessioninfo id="cs-700834448452-default-5563500d" start="1685990647991" dump="1685990649044"/><sessioninfo id="cs-700834448452-default-a4a7e09e" start="1685990889879" dump="1685990891048"/><sessioninfo id="cs-700834448452-default-9ddae180" start="1685991228644" dump="1685991229623"/><sessioninfo id="cs-700834448452-default-998059cf" start="1685991308799" dump="1685991309752"/><sessioninfo id="cs-700834448452-default-89abfc71" start="1685991592283" dump="1685991593775"/><sessioninfo id="cs-700834448452-default-3318798f" start="1685991669551" dump="1685991670606"/><sessioninfo id="cs-700834448452-default-698f1385" start="1685991773234" dump="1685991774173"/><sessioninfo id="cs-700834448452-default-e565faa6" start="1685992055157" dump="1685992056116"/><sessioninfo id="cs-700834448452-default-f228bc5e" start="1685992247377" dump="1685992248380"/><sessioninfo id="cs-700834448452-default-2bb6763b" start="1685992935702" dump="1685992936740"/><sessioninfo id="cs-700834448452-default-7001c137" start="1685993161697" dump="1685993162601"/><sessioninfo id="cs-700834448452-default-96fc3b73" start="1685993226209" dump="1685993227079"/><sessioninfo id="cs-700834448452-default-2ad9d768" start="1685993479549" dump="1685993480587"/><sessioninfo id="cs-700834448452-default-a179ddf7" start="1685993847144" dump="1685993848202"/><sessioninfo id="cs-700834448452-default-896e9636" start="1685994007316" dump="1685994008298"/><sessioninfo id="cs-700834448452-default-7cfe2c59" start="1685994406938" dump="1685994408110"/><sessioninfo id="cs-700834448452-default-382c503e" start="1685994627136" dump="1685994628128"/><sessioninfo id="cs-700834448452-default-847afcab" start="1685994740401" dump="1685994741418"/><sessioninfo id="cs-700834448452-default-3f434521" start="1685995659731" dump="1685995660685"/><sessioninfo id="cs-700834448452-default-190eb563" start="1685995869568" dump="1685995870546"/><sessioninfo id="cs-700834448452-default-42929e85" start="1685996094053" dump="1685996095109"/><sessioninfo id="cs-700834448452-default-f3c1ccd6" start="1685996273160" dump="1685996274188"/><sessioninfo id="cs-700834448452-default-fd389eb1" start="1685996532073" dump="1685996533139"/><sessioninfo id="cs-700834448452-default-128a9d49" start="1686043998754" dump="1686043999750"/><sessioninfo id="cs-700834448452-default-fd0485fc" start="1686044849545" dump="1686044850648"/><sessioninfo id="cs-700834448452-default-7a89a8fc" start="1686045630864" dump="1686045631801"/><sessioninfo id="cs-700834448452-default-d0b5371a" start="1686045840271" dump="1686045841280"/><sessioninfo id="cs-700834448452-default-29762ec7" start="1686045969029" dump="1686045969980"/><sessioninfo id="cs-700834448452-default-e359f0c5" start="1686046085557" dump="1686046086697"/><sessioninfo id="cs-700834448452-default-55dc55bb" start="1686046357682" dump="1686046358758"/><sessioninfo id="cs-700834448452-default-afa2b7e2" start="1686046425168" dump="1686046426288"/><sessioninfo id="cs-700834448452-default-15cdae50" start="1686047162084" dump="1686047163305"/><sessioninfo id="cs-700834448452-default-8b76b5b7" start="1686047532203" dump="1686047533223"/><sessioninfo id="cs-700834448452-default-c10cb155" start="1686047782958" dump="1686047783911"/><sessioninfo id="cs-700834448452-default-68e24b12" start="1686047927717" dump="1686047928717"/><sessioninfo id="cs-700834448452-default-842d5107" start="1686048118031" dump="1686048119006"/><sessioninfo id="cs-700834448452-default-327e0e6e" start="1686048643837" dump="1686048644985"/><sessioninfo id="cs-700834448452-default-763e9154" start="1686048855327" dump="1686048856338"/><sessioninfo id="cs-700834448452-default-83e15ef7" start="1687089884348" dump="1687089885657"/><sessioninfo id="cs-700834448452-default-83633d88" start="1687089942253" dump="1687089943218"/><sessioninfo id="cs-700834448452-default-5efe6b20" start="1687090257519" dump="1687090258605"/><sessioninfo id="cs-700834448452-default-7deb1341" start="1687090448086" dump="1687090449071"/><sessioninfo id="cs-700834448452-default-b1ee28d9" start="1687090697227" dump="1687090698168"/><package name="foo"><class name="foo/Consistency$3" sourcefilename="Consistency.java"><method name="&lt;init&gt;" desc="(Lfoo/Consistency;Lcom/google/appengine/api/datastore/DatastoreService;Ljavax/servlet/http/HttpServletResponse;)V" line="119"><counter type="INSTRUCTION" missed="12" covered="0"/><counter type="LINE" missed="1" covered="0"/><counter type="COMPLEXITY" missed="1" covered="0"/><counter type="METHOD" missed="1" covered="0"/></method><method name="run" desc="()V" line="121"><counter type="INSTRUCTION" missed="47" covered="0"/><counter type="BRANCH" missed="2" covered="0"/><counter type="LINE" missed="12" covered="0"/><counter type="COMPLEXITY" missed="2" covered="0"/><counter type="METHOD" missed="1" covered="0"/></method><counter type="INSTRUCTION" missed="59" covered="0"/><counter type="BRANCH" missed="2" covered="0"/><counter type="LINE" missed="13" covered="0"/><counter type="COMPLEXITY" missed="3" covered="0"/><counter type="METHOD" missed="2" covered="0"/><counter type="CLASS" missed="1" covered="0"/></class><class name="foo/Consistency$1" sourcefilename="Consistency.java"><method name="&lt;init&gt;" desc="(Lfoo/Consistency;Lcom/google/appengine/api/datastore/DatastoreService;)V" line="74"><counter type="INSTRUCTION" missed="9" covered="0"/><counter type="LINE" missed="1" covered="0"/><counter type="COMPLEXITY" missed="1" covered="0"/><counter type="METHOD" missed="1" covered="0"/></method><method name="run" desc="()V" line="76"><counter type="INSTRUCTION" missed="53" covered="0"/><counter type="BRANCH" missed="2" covered="0"/><counter type="LINE" missed="10" covered="0"/><counter type="COMPLEXITY" missed="2" covered="0"/><counter type="METHOD" missed="1" covered="0"/></method><counter type="INSTRUCTION" missed="62" covered="0"/><counter type="BRANCH" missed="2" covered="0"/><counter type="LINE" missed="11" covered="0"/><counter type="COMPLEXITY" missed="3" covered="0"/><counter type="METHOD" missed="2" covered="0"/><counter type="CLASS" missed="1" covered="0"/></class><class name="foo/Consistency$2" sourcefilename="Consistency.java"><method name="&lt;init&gt;" desc="(Lfoo/Consistency;Lcom/google/appengine/api/datastore/DatastoreService;)V" line="93"><counter type="INSTRUCTION" missed="9" covered="0"/><counter type="LINE" missed="1" covered="0"/><counter type="COMPLEXITY" missed="1" covered="0"/><counter type="METHOD" missed="1" covered="0"/></method><method name="run" desc="()V" line="95"><counter type="INSTRUCTION" missed="64" covered="0"/><counter type="BRANCH" missed="2" covered="0"/><counter type="LINE" missed="14" covered="0"/><counter type="COMPLEXITY" missed="2" covered="0"/><counter type="METHOD" missed="1" covered="0"/></method><counter type="INSTRUCTION" missed="73" covered="0"/><counter type="BRANCH" missed="2" covered="0"/><counter type="LINE" missed="15" covered="0"/><counter type="COMPLEXITY" missed="3" covered="0"/><counter type="METHOD" missed="2" covered="0"/><counter type="CLASS" missed="1" covered="0"/></class><class name="foo/PrefixServlet" sourcefilename="PrefixServlet.java"><method name="&lt;clinit&gt;" desc="()V" line="36"><counter type="INSTRUCTION" missed="5" covered="0"/><counter type="LINE" missed="1" covered="0"/><counter type="COMPLEXITY" missed="1" covered="0"/><counter type="METHOD" missed="1" covered="0"/></method><method name="&lt;init&gt;" desc="()V" line="34"><counter type="INSTRUCTION" missed="3" covered="0"/><counter type="LINE" missed="1" covered="0"/><counter type="COMPLEXITY" missed="1" covered="0"/><counter type="METHOD" missed="1" covered="0"/></method><method name="between" desc="(Ljava/time/LocalDate;Ljava/time/LocalDate;)Ljava/time/LocalDate;" line="40"><counter type="INSTRUCTION" missed="14" covered="0"/><counter type="LINE" missed="6" covered="0"/><counter type="COMPLEXITY" missed="1" covered="0"/><counter type="METHOD" missed="1" covered="0"/></method><method name="doGet" desc="(Ljavax/servlet/http/HttpServletRequest;Ljavax/servlet/http/HttpServletResponse;)V" line="51"><counter type="INSTRUCTION" missed="167" covered="0"/><counter type="BRANCH" missed="8" covered="0"/><counter type="LINE" missed="25" covered="0"/><counter type="COMPLEXITY" missed="5" covered="0"/><counter type="METHOD" missed="1" covered="0"/></method><counter type="INSTRUCTION" missed="189" covered="0"/><counter type="BRANCH" missed="8" covered="0"/><counter type="LINE" missed="33" covered="0"/><counter type="COMPLEXITY" missed="8" covered="0"/><counter type="METHOD" missed="4" covered="0"/><counter type="CLASS" missed="1" covered="0"/></class><class name="foo/FriendQuery" sourcefilename="FriendQuery.java"><method name="&lt;init&gt;" desc="()V" line="36"><counter type="INSTRUCTION" missed="3" covered="0"/><counter type="LINE" missed="1" covered="0"/><counter type="COMPLEXITY" missed="1" covered="0"/><counter type="METHOD" missed="1" covered="0"/></method><method name="doGet" desc="(Ljavax/servlet/http/HttpServletRequest;Ljavax/servlet/http/HttpServletResponse;)V" line="41"><counter type="INSTRUCTION" missed="369" covered="0"/><counter type="BRANCH" missed="8" covered="0"/><counter type="LINE" missed="54" covered="0"/><counter type="COMPLEXITY" missed="5" covered="0"/><counter type="METHOD" missed="1" covered="0"/></method><counter type="INSTRUCTION" missed="372" covered="0"/><counter type="BRANCH" missed="8" covered="0"/><counter type="LINE" missed="55" covered="0"/><counter type="COMPLEXITY" missed="6" covered="0"/><counter type="METHOD" missed="2" covered="0"/><counter type="CLASS" missed="1" covered="0"/></class><class name="foo/FriendServlet" sourcefilename="FriendServlet.java"><method name="&lt;init&gt;" desc="()V" line="30"><counter type="INSTRUCTION" missed="3" covered="0"/><counter type="LINE" missed="1" covered="0"/><counter type="COMPLEXITY" missed="1" covered="0"/><counter type="METHOD" missed="1" covered="0"/></method><method name="doGet" desc="(Ljavax/servlet/http/HttpServletRequest;Ljavax/servlet/http/HttpServletResponse;)V" line="35"><counter type="INSTRUCTION" missed="107" covered="0"/><counter type="BRANCH" missed="4" covered="0"/><counter type="LINE" missed="16" covered="0"/><counter type="COMPLEXITY" missed="3" covered="0"/><counter type="METHOD" missed="1" covered="0"/></method><counter type="INSTRUCTION" missed="110" covered="0"/><counter type="BRANCH" missed="4" covered="0"/><counter type="LINE" missed="17" covered="0"/><counter type="COMPLEXITY" missed="4" covered="0"/><counter type="METHOD" missed="2" covered="0"/><counter type="CLASS" missed="1" covered="0"/></class><class name="foo/ImpulseEndpoint$1" sourcefilename="ImpulseEndpoint.java"><method name="&lt;init&gt;" desc="(Lfoo/ImpulseEndpoint;Ljava/lang/String;)V" line="217"><counter type="INSTRUCTION" missed="9" covered="0"/><counter type="LINE" missed="1" covered="0"/><counter type="COMPLEXITY" missed="1" covered="0"/><counter type="METHOD" missed="1" covered="0"/></method><method name="compare" desc="(Lcom/google/appengine/api/datastore/Entity;Lcom/google/appengine/api/datastore/Entity;)I" line="220"><counter type="INSTRUCTION" missed="97" covered="0"/><counter type="BRANCH" missed="9" covered="0"/><counter type="LINE" missed="25" covered="0"/><counter type="COMPLEXITY" missed="7" covered="0"/><counter type="METHOD" missed="1" covered="0"/></method><counter type="INSTRUCTION" missed="106" covered="0"/><counter type="BRANCH" missed="9" covered="0"/><counter type="LINE" missed="26" covered="0"/><counter type="COMPLEXITY" missed="8" covered="0"/><counter type="METHOD" missed="2" covered="0"/><counter type="CLASS" missed="1" covered="0"/></class><class name="foo/PrefixClean" sourcefilename="PrefixClean.java"><method name="&lt;init&gt;" desc="()V" line="36"><counter type="INSTRUCTION" missed="3" covered="0"/><counter type="LINE" missed="1" covered="0"/><counter type="COMPLEXITY" missed="1" covered="0"/><counter type="METHOD" missed="1" covered="0"/></method><method name="doGet" desc="(Ljavax/servlet/http/HttpServletRequest;Ljavax/servlet/http/HttpServletResponse;)V" line="41"><counter type="INSTRUCTION" missed="55" covered="0"/><counter type="BRANCH" missed="2" covered="0"/><counter type="LINE" missed="10" covered="0"/><counter type="COMPLEXITY" missed="2" covered="0"/><counter type="METHOD" missed="1" covered="0"/></method><counter type="INSTRUCTION" missed="58" covered="0"/><counter type="BRANCH" missed="2" covered="0"/><counter type="LINE" missed="11" covered="0"/><counter type="COMPLEXITY" missed="3" covered="0"/><counter type="METHOD" missed="2" covered="0"/><counter type="CLASS" missed="1" covered="0"/></class><class name="foo/Counting$1" sourcefilename="Counting.java"><method name="&lt;init&gt;" desc="(Lfoo/Counting;Lcom/google/appengine/api/datastore/DatastoreService;Lcom/google/appengine/api/datastore/Entity;Ljavax/servlet/http/HttpServletResponse;)V" line="53"><counter type="INSTRUCTION" missed="15" covered="0"/><counter type="LINE" missed="1" covered="0"/><counter type="COMPLEXITY" missed="1" covered="0"/><counter type="METHOD" missed="1" covered="0"/></method><method name="run" desc="()V" line="55"><counter type="INSTRUCTION" missed="57" covered="0"/><counter type="BRANCH" missed="2" covered="0"/><counter type="LINE" missed="11" covered="0"/><counter type="COMPLEXITY" missed="2" covered="0"/><counter type="METHOD" missed="1" covered="0"/></method><counter type="INSTRUCTION" missed="72" covered="0"/><counter type="BRANCH" missed="2" covered="0"/><counter type="LINE" missed="12" covered="0"/><counter type="COMPLEXITY" missed="3" covered="0"/><counter type="METHOD" missed="2" covered="0"/><counter type="CLASS" missed="1" covered="0"/></class><class name="foo/FriendBlockServlet" sourcefilename="FriendBlockServlet.java"><method name="&lt;init&gt;" desc="()V" line="30"><counter type="INSTRUCTION" missed="3" covered="0"/><counter type="LINE" missed="1" covered="0"/><counter type="COMPLEXITY" missed="1" covered="0"/><counter type="METHOD" missed="1" covered="0"/></method><method name="doGet" desc="(Ljavax/servlet/http/HttpServletRequest;Ljavax/servlet/http/HttpServletResponse;)V" line="35"><counter type="INSTRUCTION" missed="141" covered="0"/><counter type="BRANCH" missed="6" covered="0"/><counter type="LINE" missed="20" covered="0"/><counter type="COMPLEXITY" missed="4" covered="0"/><counter type="METHOD" missed="1" covered="0"/></method><counter type="INSTRUCTION" missed="144" covered="0"/><counter type="BRANCH" missed="6" covered="0"/><counter type="LINE" missed="21" covered="0"/><counter type="COMPLEXITY" missed="5" covered="0"/><counter type="METHOD" missed="2" covered="0"/><counter type="CLASS" missed="1" covered="0"/></class><class name="foo/HelloAppEngine" sourcefilename="HelloAppEngine.java"><method name="&lt;clinit&gt;" desc="()V" line="17"><counter type="INSTRUCTION" missed="0" covered="3"/><counter type="LINE" missed="0" covered="1"/><counter type="COMPLEXITY" missed="0" covered="1"/><counter type="METHOD" missed="0" covered="1"/></method><method name="&lt;init&gt;" desc="()V" line="15"><counter type="INSTRUCTION" missed="0" covered="9"/><counter type="LINE" missed="0" covered="2"/><counter type="COMPLEXITY" missed="0" covered="1"/><counter type="METHOD" missed="0" covered="1"/></method><method name="doGet" desc="(Ljavax/servlet/http/HttpServletRequest;Ljavax/servlet/http/HttpServletResponse;)V" line="23"><counter type="INSTRUCTION" missed="0" covered="97"/><counter type="BRANCH" missed="0" covered="2"/><counter type="LINE" missed="0" covered="12"/><counter type="COMPLEXITY" missed="0" covered="2"/><counter type="METHOD" missed="0" covered="1"/></method><counter type="INSTRUCTION" missed="0" covered="109"/><counter type="BRANCH" missed="0" covered="2"/><counter type="LINE" missed="0" covered="15"/><counter type="COMPLEXITY" missed="0" covered="4"/><counter type="METHOD" missed="0" covered="3"/><counter type="CLASS" missed="0" covered="1"/></class><class name="foo/CountingTR$1" sourcefilename="CountingTR.java"><method name="&lt;init&gt;" desc="(Lfoo/CountingTR;Ljavax/servlet/http/HttpServletResponse;Lcom/google/appengine/api/datastore/DatastoreService;Lcom/google/appengine/api/datastore/Entity;)V" line="64"><counter type="INSTRUCTION" missed="15" covered="0"/><counter type="LINE" missed="1" covered="0"/><counter type="COMPLEXITY" missed="1" covered="0"/><counter type="METHOD" missed="1" covered="0"/></method><method name="run" desc="()V" line="66"><counter type="INSTRUCTION" missed="87" covered="0"/><counter type="BRANCH" missed="4" covered="0"/><counter type="LINE" missed="20" covered="0"/><counter type="COMPLEXITY" missed="3" covered="0"/><counter type="METHOD" missed="1" covered="0"/></method><counter type="INSTRUCTION" missed="102" covered="0"/><counter type="BRANCH" missed="4" covered="0"/><counter type="LINE" missed="21" covered="0"/><counter type="COMPLEXITY" missed="4" covered="0"/><counter type="METHOD" missed="2" covered="0"/><counter type="CLASS" missed="1" covered="0"/></class><class name="foo/OneTupleTR" sourcefilename="OneTupleTR.java"><method name="&lt;clinit&gt;" desc="()V" line="44"><counter type="INSTRUCTION" missed="3" covered="0"/><counter type="LINE" missed="1" covered="0"/><counter type="COMPLEXITY" missed="1" covered="0"/><counter type="METHOD" missed="1" covered="0"/></method><method name="&lt;init&gt;" desc="()V" line="43"><counter type="INSTRUCTION" missed="3" covered="0"/><counter type="LINE" missed="1" covered="0"/><counter type="COMPLEXITY" missed="1" covered="0"/><counter type="METHOD" missed="1" covered="0"/></method><method name="doGet" desc="(Ljavax/servlet/http/HttpServletRequest;Ljavax/servlet/http/HttpServletResponse;)V" line="48"><counter type="INSTRUCTION" missed="156" covered="0"/><counter type="BRANCH" missed="4" covered="0"/><counter type="LINE" missed="25" covered="0"/><counter type="COMPLEXITY" missed="3" covered="0"/><counter type="METHOD" missed="1" covered="0"/></method><counter type="INSTRUCTION" missed="162" covered="0"/><counter type="BRANCH" missed="4" covered="0"/><counter type="LINE" missed="27" covered="0"/><counter type="COMPLEXITY" missed="5" covered="0"/><counter type="METHOD" missed="3" covered="0"/><counter type="CLASS" missed="1" covered="0"/></class><class name="foo/CountingTR" sourcefilename="CountingTR.java"><method name="&lt;clinit&gt;" desc="()V" line="43"><counter type="INSTRUCTION" missed="3" covered="0"/><counter type="LINE" missed="1" covered="0"/><counter type="COMPLEXITY" missed="1" covered="0"/><counter type="METHOD" missed="1" covered="0"/></method><method name="&lt;init&gt;" desc="()V" line="42"><counter type="INSTRUCTION" missed="3" covered="0"/><counter type="LINE" missed="1" covered="0"/><counter type="COMPLEXITY" missed="1" covered="0"/><counter type="METHOD" missed="1" covered="0"/></method><method name="doGet" desc="(Ljavax/servlet/http/HttpServletRequest;Ljavax/servlet/http/HttpServletResponse;)V" line="47"><counter type="INSTRUCTION" missed="112" covered="0"/><counter type="BRANCH" missed="4" covered="0"/><counter type="LINE" missed="21" covered="0"/><counter type="COMPLEXITY" missed="3" covered="0"/><counter type="METHOD" missed="1" covered="0"/></method><counter type="INSTRUCTION" missed="118" covered="0"/><counter type="BRANCH" missed="4" covered="0"/><counter type="LINE" missed="23" covered="0"/><counter type="COMPLEXITY" missed="5" covered="0"/><counter type="METHOD" missed="3" covered="0"/><counter type="CLASS" missed="1" covered="0"/></class><class name="foo/PostMessage" sourcefilename="PostMessage.java"><method name="&lt;init&gt;" desc="()V" line="8"><counter type="INSTRUCTION" missed="3" covered="0"/><counter type="LINE" missed="1" covered="0"/><counter type="COMPLEXITY" missed="1" covered="0"/><counter type="METHOD" missed="1" covered="0"/></method><counter type="INSTRUCTION" missed="3" covered="0"/><counter type="LINE" missed="1" covered="0"/><counter type="COMPLEXITY" missed="1" covered="0"/><counter type="METHOD" missed="1" covered="0"/><counter type="CLASS" missed="1" covered="0"/></class><class name="foo/PetitionQuery" sourcefilename="PetitionQuery.java"><method name="&lt;init&gt;" desc="()V" line="36"><counter type="INSTRUCTION" missed="3" covered="0"/><counter type="LINE" missed="1" covered="0"/><counter type="COMPLEXITY" missed="1" covered="0"/><counter type="METHOD" missed="1" covered="0"/></method><method name="doGet" desc="(Ljavax/servlet/http/HttpServletRequest;Ljavax/servlet/http/HttpServletResponse;)V" line="41"><counter type="INSTRUCTION" missed="142" covered="0"/><counter type="BRANCH" missed="4" covered="0"/><counter type="LINE" missed="23" covered="0"/><counter type="COMPLEXITY" missed="3" covered="0"/><counter type="METHOD" missed="1" covered="0"/></method><counter type="INSTRUCTION" missed="145" covered="0"/><counter type="BRANCH" missed="4" covered="0"/><counter type="LINE" missed="24" covered="0"/><counter type="COMPLEXITY" missed="4" covered="0"/><counter type="METHOD" missed="2" covered="0"/><counter type="CLASS" missed="1" covered="0"/></class><class name="foo/RandomResult" sourcefilename="RandomResult.java"><method name="&lt;init&gt;" desc="(I)V" line="6"><counter type="INSTRUCTION" missed="9" covered="0"/><counter type="LINE" missed="3" covered="0"/><counter type="COMPLEXITY" missed="1" covered="0"/><counter type="METHOD" missed="1" covered="0"/></method><counter type="INSTRUCTION" missed="9" covered="0"/><counter type="LINE" missed="3" covered="0"/><counter type="COMPLEXITY" missed="1" covered="0"/><counter type="METHOD" missed="1" covered="0"/><counter type="CLASS" missed="1" covered="0"/></class><class name="foo/CountingSh$1" sourcefilename="CountingSh.java"><method name="&lt;init&gt;" desc="(Lfoo/CountingSh;Ljava/util/Random;Ljava/util/List;Lcom/google/appengine/api/datastore/DatastoreService;Ljavax/servlet/http/HttpServletResponse;)V" line="53"><counter type="INSTRUCTION" missed="18" covered="0"/><counter type="LINE" missed="1" covered="0"/><counter type="COMPLEXITY" missed="1" covered="0"/><counter type="METHOD" missed="1" covered="0"/></method><method name="run" desc="()V" line="55"><counter type="INSTRUCTION" missed="85" covered="0"/><counter type="BRANCH" missed="4" covered="0"/><counter type="LINE" missed="18" covered="0"/><counter type="COMPLEXITY" missed="3" covered="0"/><counter type="METHOD" missed="1" covered="0"/></method><counter type="INSTRUCTION" missed="103" covered="0"/><counter type="BRANCH" missed="4" covered="0"/><counter type="LINE" missed="19" covered="0"/><counter type="COMPLEXITY" missed="4" covered="0"/><counter type="METHOD" missed="2" covered="0"/><counter type="CLASS" missed="1" covered="0"/></class><class name="foo/MsgIndex" sourcefilename="MsgIndex.java"><method name="&lt;init&gt;" desc="()V" line="39"><counter type="INSTRUCTION" missed="3" covered="0"/><counter type="LINE" missed="2" covered="0"/><counter type="COMPLEXITY" missed="1" covered="0"/><counter type="METHOD" missed="1" covered="0"/></method><method name="doGet" desc="(Ljavax/servlet/http/HttpServletRequest;Ljavax/servlet/http/HttpServletResponse;)V" line="49"><counter type="INSTRUCTION" missed="225" covered="0"/><counter type="BRANCH" missed="4" covered="0"/><counter type="LINE" missed="33" covered="0"/><counter type="COMPLEXITY" missed="3" covered="0"/><counter type="METHOD" missed="1" covered="0"/></method><counter type="INSTRUCTION" missed="228" covered="0"/><counter type="BRANCH" missed="4" covered="0"/><counter type="LINE" missed="35" covered="0"/><counter type="COMPLEXITY" missed="4" covered="0"/><counter type="METHOD" missed="2" covered="0"/><counter type="CLASS" missed="1" covered="0"/></class><class name="foo/PrefixQuery" sourcefilename="PrefixQuery.java"><method name="&lt;init&gt;" desc="()V" line="36"><counter type="INSTRUCTION" missed="3" covered="0"/><counter type="LINE" missed="1" covered="0"/><counter type="COMPLEXITY" missed="1" covered="0"/><counter type="METHOD" missed="1" covered="0"/></method><method name="doGet" desc="(Ljavax/servlet/http/HttpServletRequest;Ljavax/servlet/http/HttpServletResponse;)V" line="41"><counter type="INSTRUCTION" missed="299" covered="0"/><counter type="BRANCH" missed="8" covered="0"/><counter type="LINE" missed="47" covered="0"/><counter type="COMPLEXITY" missed="5" covered="0"/><counter type="METHOD" missed="1" covered="0"/></method><counter type="INSTRUCTION" missed="302" covered="0"/><counter type="BRANCH" missed="8" covered="0"/><counter type="LINE" missed="48" covered="0"/><counter type="COMPLEXITY" missed="6" covered="0"/><counter type="METHOD" missed="2" covered="0"/><counter type="CLASS" missed="1" covered="0"/></class><class name="foo/CountingSh" sourcefilename="CountingSh.java"><method name="&lt;init&gt;" desc="()V" line="32"><counter type="INSTRUCTION" missed="3" covered="0"/><counter type="LINE" missed="1" covered="0"/><counter type="COMPLEXITY" missed="1" covered="0"/><counter type="METHOD" missed="1" covered="0"/></method><method name="doGet" desc="(Ljavax/servlet/http/HttpServletRequest;Ljavax/servlet/http/HttpServletResponse;)V" line="37"><counter type="INSTRUCTION" missed="140" covered="0"/><counter type="BRANCH" missed="8" covered="0"/><counter type="LINE" missed="24" covered="0"/><counter type="COMPLEXITY" missed="5" covered="0"/><counter type="METHOD" missed="1" covered="0"/></method><counter type="INSTRUCTION" missed="143" covered="0"/><counter type="BRANCH" missed="8" covered="0"/><counter type="LINE" missed="25" covered="0"/><counter type="COMPLEXITY" missed="6" covered="0"/><counter type="METHOD" missed="2" covered="0"/><counter type="CLASS" missed="1" covered="0"/></class><class name="foo/ScoreEndpoint" sourcefilename="ScoreEndpoint.java"><method name="&lt;init&gt;" desc="()V" line="51"><counter type="INSTRUCTION" missed="8" covered="0"/><counter type="LINE" missed="2" covered="0"/><counter type="COMPLEXITY" missed="1" covered="0"/><counter type="METHOD" missed="1" covered="0"/></method><method name="ListAllPetitions" desc="()Ljava/util/List;" line="58"><counter type="INSTRUCTION" missed="21" covered="0"/><counter type="LINE" missed="5" covered="0"/><counter type="COMPLEXITY" missed="1" covered="0"/><counter type="METHOD" missed="1" covered="0"/></method><method name="addPet" desc="(Ljava/lang/String;Ljava/lang/String;)Lcom/google/appengine/api/datastore/Entity;" line="69"><counter type="INSTRUCTION" missed="34" covered="0"/><counter type="LINE" missed="7" covered="0"/><counter type="COMPLEXITY" missed="1" covered="0"/><counter type="METHOD" missed="1" covered="0"/></method><method name="random" desc="()Lfoo/RandomResult;" line="83"><counter type="INSTRUCTION" missed="10" covered="0"/><counter type="LINE" missed="1" covered="0"/><counter type="COMPLEXITY" missed="1" covered="0"/><counter type="METHOD" missed="1" covered="0"/></method><method name="Hello" desc="(Lcom/google/api/server/spi/auth/common/User;)Lcom/google/api/server/spi/auth/common/User;" line="88"><counter type="INSTRUCTION" missed="19" covered="0"/><counter type="BRANCH" missed="2" covered="0"/><counter type="LINE" missed="4" covered="0"/><counter type="COMPLEXITY" missed="2" covered="0"/><counter type="METHOD" missed="1" covered="0"/></method><method name="scores" desc="()Ljava/util/List;" line="98"><counter type="INSTRUCTION" missed="21" covered="0"/><counter type="LINE" missed="5" covered="0"/><counter type="COMPLEXITY" missed="1" covered="0"/><counter type="METHOD" missed="1" covered="0"/></method><method name="topscores" desc="()Ljava/util/List;" line="108"><counter type="INSTRUCTION" missed="21" covered="0"/><counter type="LINE" missed="5" covered="0"/><counter type="COMPLEXITY" missed="1" covered="0"/><counter type="METHOD" missed="1" covered="0"/></method><method name="myscores" desc="(Ljava/lang/String;)Ljava/util/List;" line="118"><counter type="INSTRUCTION" missed="28" covered="0"/><counter type="LINE" missed="6" covered="0"/><counter type="COMPLEXITY" missed="1" covered="0"/><counter type="METHOD" missed="1" covered="0"/></method><method name="addScore" desc="(ILjava/lang/String;)Lcom/google/appengine/api/datastore/Entity;" line="130"><counter type="INSTRUCTION" missed="30" covered="0"/><counter type="LINE" missed="6" covered="0"/><counter type="COMPLEXITY" missed="1" covered="0"/><counter type="METHOD" missed="1" covered="0"/></method><method name="postMessage" desc="(Lfoo/PostMessage;)Lcom/google/appengine/api/datastore/Entity;" line="143"><counter type="INSTRUCTION" missed="44" covered="0"/><counter type="LINE" missed="11" covered="0"/><counter type="COMPLEXITY" missed="1" covered="0"/><counter type="METHOD" missed="1" covered="0"/></method><method name="mypost" desc="(Ljava/lang/String;Ljava/lang/String;)Lcom/google/api/server/spi/response/CollectionResponse;" line="160"><counter type="INSTRUCTION" missed="43" covered="0"/><counter type="BRANCH" missed="2" covered="0"/><counter type="LINE" missed="9" covered="0"/><counter type="COMPLEXITY" missed="2" covered="0"/><counter type="METHOD" missed="1" covered="0"/></method><method name="getPost" desc="(Lcom/google/api/server/spi/auth/common/User;Ljava/lang/String;)Lcom/google/api/server/spi/response/CollectionResponse;" line="195"><counter type="INSTRUCTION" missed="51" covered="0"/><counter type="BRANCH" missed="4" covered="0"/><counter type="LINE" missed="12" covered="0"/><counter type="COMPLEXITY" missed="3" covered="0"/><counter type="METHOD" missed="1" covered="0"/></method><method name="postMsg" desc="(Lcom/google/api/server/spi/auth/common/User;Lfoo/PostMessage;)Lcom/google/appengine/api/datastore/Entity;" line="237"><counter type="INSTRUCTION" missed="67" covered="0"/><counter type="BRANCH" missed="2" covered="0"/><counter type="LINE" missed="13" covered="0"/><counter type="COMPLEXITY" missed="2" covered="0"/><counter type="METHOD" missed="1" covered="0"/></method><counter type="INSTRUCTION" missed="397" covered="0"/><counter type="BRANCH" missed="10" covered="0"/><counter type="LINE" missed="86" covered="0"/><counter type="COMPLEXITY" missed="18" covered="0"/><counter type="METHOD" missed="13" covered="0"/><counter type="CLASS" missed="1" covered="0"/></class><class name="foo/Consistency" sourcefilename="Consistency.java"><method name="&lt;init&gt;" desc="()V" line="40"><counter type="INSTRUCTION" missed="3" covered="0"/><counter type="LINE" missed="2" covered="0"/><counter type="COMPLEXITY" missed="1" covered="0"/><counter type="METHOD" missed="1" covered="0"/></method><method name="cleaning" desc="()V" line="45"><counter type="INSTRUCTION" missed="43" covered="0"/><counter type="BRANCH" missed="4" covered="0"/><counter type="LINE" missed="8" covered="0"/><counter type="COMPLEXITY" missed="3" covered="0"/><counter type="METHOD" missed="1" covered="0"/></method><method name="doGet" desc="(Ljavax/servlet/http/HttpServletRequest;Ljavax/servlet/http/HttpServletResponse;)V" line="65"><counter type="INSTRUCTION" missed="98" covered="0"/><counter type="BRANCH" missed="2" covered="0"/><counter type="LINE" missed="26" covered="0"/><counter type="COMPLEXITY" missed="2" covered="0"/><counter type="METHOD" missed="1" covered="0"/></method><counter type="INSTRUCTION" missed="144" covered="0"/><counter type="BRANCH" missed="6" covered="0"/><counter type="LINE" missed="36" covered="0"/><counter type="COMPLEXITY" missed="6" covered="0"/><counter type="METHOD" missed="3" covered="0"/><counter type="CLASS" missed="1" covered="0"/></class><class name="foo/UsersServlet" sourcefilename="UsersServlet.java"><method name="&lt;init&gt;" desc="()V" line="37"><counter type="INSTRUCTION" missed="3" covered="0"/><counter type="LINE" missed="1" covered="0"/><counter type="COMPLEXITY" missed="1" covered="0"/><counter type="METHOD" missed="1" covered="0"/></method><method name="doGet" desc="(Ljavax/servlet/http/HttpServletRequest;Ljavax/servlet/http/HttpServletResponse;)V" line="41"><counter type="INSTRUCTION" missed="47" covered="0"/><counter type="BRANCH" missed="2" covered="0"/><counter type="LINE" missed="16" covered="0"/><counter type="COMPLEXITY" missed="2" covered="0"/><counter type="METHOD" missed="1" covered="0"/></method><counter type="INSTRUCTION" missed="50" covered="0"/><counter type="BRANCH" missed="2" covered="0"/><counter type="LINE" missed="17" covered="0"/><counter type="COMPLEXITY" missed="3" covered="0"/><counter type="METHOD" missed="2" covered="0"/><counter type="CLASS" missed="1" covered="0"/></class><class name="foo/ImpulseEndpoint" sourcefilename="ImpulseEndpoint.java"><method name="&lt;init&gt;" desc="()V" line="74"><counter type="INSTRUCTION" missed="3" covered="0"/><counter type="LINE" missed="1" covered="0"/><counter type="COMPLEXITY" missed="1" covered="0"/><counter type="METHOD" missed="1" covered="0"/></method><method name="ListAllPetitions" desc="(Ljava/lang/String;Ljava/lang/String;I)Ljava/util/List;" line="148"><counter type="INSTRUCTION" missed="71" covered="0"/><counter type="BRANCH" missed="8" covered="0"/><counter type="LINE" missed="24" covered="0"/><counter type="COMPLEXITY" missed="7" covered="0"/><counter type="METHOD" missed="1" covered="0"/></method><method name="ListSignedPetitions" desc="(Ljava/lang/String;Ljava/lang/String;Ljava/lang/String;I)Ljava/util/List;" line="199"><counter type="INSTRUCTION" missed="88" covered="0"/><counter type="BRANCH" missed="4" covered="0"/><counter type="LINE" missed="15" covered="0"/><counter type="COMPLEXITY" missed="3" covered="0"/><counter type="METHOD" missed="1" covered="0"/></method><method name="ListPetitionsByAuthorName" desc="(Ljava/lang/String;Ljava/lang/String;Ljava/lang/String;I)Ljava/util/List;" line="275"><counter type="INSTRUCTION" missed="112" covered="0"/><counter type="BRANCH" missed="10" covered="0"/><counter type="LINE" missed="29" covered="0"/><counter type="COMPLEXITY" missed="8" covered="0"/><counter type="METHOD" missed="1" covered="0"/></method><method name="ListAllAuthors" desc="()Ljava/util/List;" line="341"><counter type="INSTRUCTION" missed="21" covered="0"/><counter type="LINE" missed="5" covered="0"/><counter type="COMPLEXITY" missed="1" covered="0"/><counter type="METHOD" missed="1" covered="0"/></method><method name="GetAuthor" desc="(Ljava/lang/String;)Lcom/google/appengine/api/datastore/Entity;" line="355"><counter type="INSTRUCTION" missed="37" covered="0"/><counter type="BRANCH" missed="2" covered="0"/><counter type="LINE" missed="9" covered="0"/><counter type="COMPLEXITY" missed="2" covered="0"/><counter type="METHOD" missed="1" covered="0"/></method><method name="GetPetition" desc="(Ljava/lang/String;)Lcom/google/appengine/api/datastore/Entity;" line="375"><counter type="INSTRUCTION" missed="37" covered="0"/><counter type="BRANCH" missed="2" covered="0"/><counter type="LINE" missed="9" covered="0"/><counter type="COMPLEXITY" missed="2" covered="0"/><counter type="METHOD" missed="1" covered="0"/></method><method name="AddPetition" desc="(Ljava/lang/String;Ljava/lang/String;Ljava/lang/String;Ljava/lang/String;)Lcom/google/appengine/api/datastore/Entity;" line="395"><counter type="INSTRUCTION" missed="135" covered="0"/><counter type="BRANCH" missed="2" covered="0"/><counter type="LINE" missed="33" covered="0"/><counter type="COMPLEXITY" missed="2" covered="0"/><counter type="METHOD" missed="1" covered="0"/></method><method name="SignPetition" desc="(Ljava/lang/String;Ljava/lang/String;)Lcom/google/appengine/api/datastore/Entity;" line="447"><counter type="INSTRUCTION" missed="235" covered="0"/><counter type="BRANCH" missed="12" covered="0"/><counter type="LINE" missed="51" covered="0"/><counter type="COMPLEXITY" missed="7" covered="0"/><counter type="METHOD" missed="1" covered="0"/></method><counter type="INSTRUCTION" missed="739" covered="0"/><counter type="BRANCH" missed="40" covered="0"/><counter type="LINE" missed="176" covered="0"/><counter type="COMPLEXITY" missed="33" covered="0"/><counter type="METHOD" missed="9" covered="0"/><counter type="CLASS" missed="1" covered="0"/></class><class name="foo/OneTupleTR$1" sourcefilename="OneTupleTR.java"><method name="&lt;init&gt;" desc="(Lfoo/OneTupleTR;Ljavax/servlet/http/HttpServletResponse;Lcom/google/appengine/api/datastore/DatastoreService;Lcom/google/appengine/api/datastore/Entity;Lcom/google/appengine/api/datastore/Entity;)V" line="70"><counter type="INSTRUCTION" missed="18" covered="0"/><counter type="LINE" missed="1" covered="0"/><counter type="COMPLEXITY" missed="1" covered="0"/><counter type="METHOD" missed="1" covered="0"/></method><method name="run" desc="()V" line="72"><counter type="INSTRUCTION" missed="112" covered="0"/><counter type="BRANCH" missed="2" covered="0"/><counter type="LINE" missed="24" covered="0"/><counter type="COMPLEXITY" missed="2" covered="0"/><counter type="METHOD" missed="1" covered="0"/></method><counter type="INSTRUCTION" missed="130" covered="0"/><counter type="BRANCH" missed="2" covered="0"/><counter type="LINE" missed="25" covered="0"/><counter type="COMPLEXITY" missed="3" covered="0"/><counter type="METHOD" missed="2" covered="0"/><counter type="CLASS" missed="1" covered="0"/></class><class name="foo/TestTransaction" sourcefilename="TestTransaction.java"><method name="&lt;init&gt;" desc="()V" line="25"><counter type="INSTRUCTION" missed="3" covered="0"/><counter type="LINE" missed="1" covered="0"/><counter type="COMPLEXITY" missed="1" covered="0"/><counter type="METHOD" missed="1" covered="0"/></method><method name="doGet" desc="(Ljavax/servlet/http/HttpServletRequest;Ljavax/servlet/http/HttpServletResponse;)V" line="35"><counter type="INSTRUCTION" missed="72" covered="0"/><counter type="BRANCH" missed="4" covered="0"/><counter type="LINE" missed="13" covered="0"/><counter type="COMPLEXITY" missed="3" covered="0"/><counter type="METHOD" missed="1" covered="0"/></method><counter type="INSTRUCTION" missed="75" covered="0"/><counter type="BRANCH" missed="4" covered="0"/><counter type="LINE" missed="14" covered="0"/><counter type="COMPLEXITY" missed="4" covered="0"/><counter type="METHOD" missed="2" covered="0"/><counter type="CLASS" missed="1" covered="0"/></class><class name="foo/PetitionServlet" sourcefilename="PetitionServlet.java"><method name="&lt;init&gt;" desc="()V" line="31"><counter type="INSTRUCTION" missed="3" covered="0"/><counter type="LINE" missed="1" covered="0"/><counter type="COMPLEXITY" missed="1" covered="0"/><counter type="METHOD" missed="1" covered="0"/></method><method name="doGet" desc="(Ljavax/servlet/http/HttpServletRequest;Ljavax/servlet/http/HttpServletResponse;)V" line="36"><counter type="INSTRUCTION" missed="160" covered="0"/><counter type="BRANCH" missed="6" covered="0"/><counter type="LINE" missed="28" covered="0"/><counter type="COMPLEXITY" missed="4" covered="0"/><counter type="METHOD" missed="1" covered="0"/></method><counter type="INSTRUCTION" missed="163" covered="0"/><counter type="BRANCH" missed="6" covered="0"/><counter type="LINE" missed="29" covered="0"/><counter type="COMPLEXITY" missed="5" covered="0"/><counter type="METHOD" missed="2" covered="0"/><counter type="CLASS" missed="1" covered="0"/></class><class name="foo/Counting" sourcefilename="Counting.java"><method name="&lt;init&gt;" desc="()V" line="31"><counter type="INSTRUCTION" missed="3" covered="0"/><counter type="LINE" missed="1" covered="0"/><counter type="COMPLEXITY" missed="1" covered="0"/><counter type="METHOD" missed="1" covered="0"/></method><method name="doGet" desc="(Ljavax/servlet/http/HttpServletRequest;Ljavax/servlet/http/HttpServletResponse;)V" line="36"><counter type="INSTRUCTION" missed="112" covered="0"/><counter type="BRANCH" missed="4" covered="0"/><counter type="LINE" missed="21" covered="0"/><counter type="COMPLEXITY" missed="3" covered="0"/><counter type="METHOD" missed="1" covered="0"/></method><counter type="INSTRUCTION" missed="115" covered="0"/><counter type="BRANCH" missed="4" covered="0"/><counter type="LINE" missed="22" covered="0"/><counter type="COMPLEXITY" missed="4" covered="0"/><counter type="METHOD" missed="2" covered="0"/><counter type="CLASS" missed="1" covered="0"/></class><sourcefile name="Consistency.java"><line nr="40" mi="2" ci="0" mb="0" cb="0"/><line nr="42" mi="1" ci="0" mb="0" cb="0"/><line nr="45" mi="2" ci="0" mb="0" cb="0"/><line nr="48" mi="7" ci="0" mb="2" cb="0"/><line nr="49" mi="5" ci="0" mb="0" cb="0"/><line nr="50" mi="4" ci="0" mb="0" cb="0"/><line nr="51" mi="4" ci="0" mb="0" cb="0"/><line nr="52" mi="11" ci="0" mb="2" cb="0"/><line nr="53" mi="9" ci="0" mb="0" cb="0"/><line nr="56" mi="1" ci="0" mb="0" cb="0"/><line nr="65" mi="3" ci="0" mb="0" cb="0"/><line nr="66" mi="3" ci="0" mb="0" cb="0"/><line nr="68" mi="8" ci="0" mb="0" cb="0"/><line nr="70" mi="2" ci="0" mb="0" cb="0"/><line nr="72" mi="2" ci="0" mb="0" cb="0"/><line nr="74" mi="16" ci="0" mb="0" cb="0"/><line nr="76" mi="2" ci="0" mb="0" cb="0"/><line nr="78" mi="7" ci="0" mb="2" cb="0"/><line nr="79" mi="12" ci="0" mb="0" cb="0"/><line nr="80" mi="10" ci="0" mb="0" cb="0"/><line nr="81" mi="10" ci="0" mb="0" cb="0"/><line nr="82" mi="5" ci="0" mb="0" cb="0"/><line nr="84" mi="2" ci="0" mb="0" cb="0"/><line nr="85" mi="2" ci="0" mb="0" cb="0"/><line nr="87" mi="2" ci="0" mb="0" cb="0"/><line nr="90" mi="1" ci="0" mb="0" cb="0"/><line nr="93" mi="16" ci="0" mb="0" cb="0"/><line nr="95" mi="2" ci="0" mb="0" cb="0"/><line nr="96" mi="5" ci="0" mb="0" cb="0"/><line nr="97" mi="5" ci="0" mb="0" cb="0"/><line nr="99" mi="4" ci="0" mb="0" cb="0"/><line nr="101" mi="7" ci="0" mb="2" cb="0"/><line nr="102" mi="7" ci="0" mb="0" cb="0"/><line nr="103" mi="10" ci="0" mb="0" cb="0"/><line nr="104" mi="10" ci="0" mb="0" cb="0"/><line nr="105" mi="5" ci="0" mb="0" cb="0"/><line nr="107" mi="2" ci="0" mb="0" cb="0"/><line nr="108" mi="2" ci="0" mb="0" cb="0"/><line nr="110" mi="2" ci="0" mb="0" cb="0"/><line nr="113" mi="2" ci="0" mb="0" cb="0"/><line nr="114" mi="1" ci="0" mb="0" cb="0"/><line nr="117" mi="3" ci="0" mb="0" cb="0"/><line nr="118" mi="8" ci="0" mb="2" cb="0"/><line nr="119" mi="22" ci="0" mb="0" cb="0"/><line nr="121" mi="5" ci="0" mb="0" cb="0"/><line nr="122" mi="5" ci="0" mb="0" cb="0"/><line nr="125" mi="3" ci="0" mb="0" cb="0"/><line nr="126" mi="4" ci="0" mb="0" cb="0"/><line nr="127" mi="4" ci="0" mb="2" cb="0"/><line nr="129" mi="2" ci="0" mb="0" cb="0"/><line nr="130" mi="15" ci="0" mb="0" cb="0"/><line nr="131" mi="2" ci="0" mb="0" cb="0"/><line nr="133" mi="3" ci="0" mb="0" cb="0"/><line nr="134" mi="1" ci="0" mb="0" cb="0"/><line nr="136" mi="2" ci="0" mb="0" cb="0"/><line nr="140" mi="1" ci="0" mb="0" cb="0"/><line nr="144" mi="5" ci="0" mb="0" cb="0"/><line nr="146" mi="2" ci="0" mb="0" cb="0"/><line nr="147" mi="4" ci="0" mb="0" cb="0"/><line nr="150" mi="2" ci="0" mb="0" cb="0"/><line nr="151" mi="4" ci="0" mb="0" cb="0"/><line nr="152" mi="2" ci="0" mb="0" cb="0"/><line nr="154" mi="2" ci="0" mb="0" cb="0"/><line nr="157" mi="5" ci="0" mb="0" cb="0"/><line nr="160" mi="2" ci="0" mb="0" cb="0"/><line nr="161" mi="2" ci="0" mb="0" cb="0"/><line nr="162" mi="4" ci="0" mb="0" cb="0"/><line nr="165" mi="2" ci="0" mb="0" cb="0"/><line nr="166" mi="4" ci="0" mb="0" cb="0"/><line nr="167" mi="2" ci="0" mb="0" cb="0"/><line nr="169" mi="2" ci="0" mb="0" cb="0"/><line nr="172" mi="1" ci="0" mb="0" cb="0"/><counter type="INSTRUCTION" missed="338" covered="0"/><counter type="BRANCH" missed="12" covered="0"/><counter type="LINE" missed="72" covered="0"/><counter type="COMPLEXITY" missed="15" covered="0"/><counter type="METHOD" missed="9" covered="0"/><counter type="CLASS" missed="4" covered="0"/></sourcefile><sourcefile name="Counting.java"><line nr="31" mi="3" ci="0" mb="0" cb="0"/><line nr="36" mi="3" ci="0" mb="0" cb="0"/><line nr="37" mi="3" ci="0" mb="0" cb="0"/><line nr="39" mi="2" ci="0" mb="0" cb="0"/><line nr="40" mi="6" ci="0" mb="0" cb="0"/><line nr="41" mi="5" ci="0" mb="0" cb="0"/><line nr="42" mi="4" ci="0" mb="0" cb="0"/><line nr="45" mi="17" ci="0" mb="0" cb="0"/><line nr="46" mi="2" ci="0" mb="0" cb="0"/><line nr="48" mi="2" ci="0" mb="0" cb="0"/><line nr="51" mi="3" ci="0" mb="0" cb="0"/><line nr="52" mi="8" ci="0" mb="2" cb="0"/><line nr="53" mi="26" ci="0" mb="0" cb="0"/><line nr="55" mi="2" ci="0" mb="0" cb="0"/><line nr="56" mi="7" ci="0" mb="2" cb="0"/><line nr="58" mi="7" ci="0" mb="0" cb="0"/><line nr="59" mi="5" ci="0" mb="0" cb="0"/><line nr="60" mi="2" ci="0" mb="0" cb="0"/><line nr="61" mi="8" ci="0" mb="0" cb="0"/><line nr="62" mi="17" ci="0" mb="0" cb="0"/><line nr="63" mi="4" ci="0" mb="0" cb="0"/><line nr="64" mi="2" ci="0" mb="0" cb="0"/><line nr="66" mi="2" ci="0" mb="0" cb="0"/><line nr="69" mi="1" ci="0" mb="0" cb="0"/><line nr="71" mi="4" ci="0" mb="0" cb="0"/><line nr="74" mi="16" ci="0" mb="2" cb="0"/><line nr="76" mi="2" ci="0" mb="0" cb="0"/><line nr="77" mi="2" ci="0" mb="0" cb="0"/><line nr="79" mi="2" ci="0" mb="0" cb="0"/><line nr="84" mi="15" ci="0" mb="0" cb="0"/><line nr="85" mi="2" ci="0" mb="0" cb="0"/><line nr="87" mi="2" ci="0" mb="0" cb="0"/><line nr="89" mi="1" ci="0" mb="0" cb="0"/><counter type="INSTRUCTION" missed="187" covered="0"/><counter type="BRANCH" missed="6" covered="0"/><counter type="LINE" missed="33" covered="0"/><counter type="COMPLEXITY" missed="7" covered="0"/><counter type="METHOD" missed="4" covered="0"/><counter type="CLASS" missed="2" covered="0"/></sourcefile><sourcefile name="FriendQuery.java"><line nr="36" mi="3" ci="0" mb="0" cb="0"/><line nr="41" mi="3" ci="0" mb="0" cb="0"/><line nr="42" mi="3" ci="0" mb="0" cb="0"/><line nr="50" mi="2" ci="0" mb="0" cb="0"/><line nr="52" mi="4" ci="0" mb="0" cb="0"/><line nr="54" mi="4" ci="0" mb="0" cb="0"/><line nr="57" mi="6" ci="0" mb="0" cb="0"/><line nr="59" mi="5" ci="0" mb="0" cb="0"/><line nr="60" mi="12" ci="0" mb="0" cb="0"/><line nr="61" mi="2" ci="0" mb="0" cb="0"/><line nr="63" mi="2" ci="0" mb="0" cb="0"/><line nr="67" mi="4" ci="0" mb="0" cb="0"/><line nr="69" mi="12" ci="0" mb="0" cb="0"/><line nr="71" mi="4" ci="0" mb="0" cb="0"/><line nr="72" mi="4" ci="0" mb="0" cb="0"/><line nr="74" mi="13" ci="0" mb="0" cb="0"/><line nr="75" mi="11" ci="0" mb="2" cb="0"/><line nr="76" mi="17" ci="0" mb="0" cb="0"/><line nr="77" mi="7" ci="0" mb="0" cb="0"/><line nr="81" mi="4" ci="0" mb="0" cb="0"/><line nr="82" mi="4" ci="0" mb="0" cb="0"/><line nr="84" mi="9" ci="0" mb="0" cb="0"/><line nr="85" mi="2" ci="0" mb="0" cb="0"/><line nr="86" mi="9" ci="0" mb="0" cb="0"/><line nr="87" mi="9" ci="0" mb="0" cb="0"/><line nr="88" mi="10" ci="0" mb="0" cb="0"/><line nr="89" mi="8" ci="0" mb="0" cb="0"/><line nr="92" mi="4" ci="0" mb="0" cb="0"/><line nr="93" mi="4" ci="0" mb="0" cb="0"/><line nr="95" mi="13" ci="0" mb="0" cb="0"/><line nr="96" mi="11" ci="0" mb="2" cb="0"/><line nr="97" mi="12" ci="0" mb="0" cb="0"/><line nr="101" mi="2" ci="0" mb="0" cb="0"/><line nr="104" mi="4" ci="0" mb="0" cb="0"/><line nr="105" mi="5" ci="0" mb="0" cb="0"/><line nr="106" mi="4" ci="0" mb="0" cb="0"/><line nr="107" mi="4" ci="0" mb="0" cb="0"/><line nr="109" mi="13" ci="0" mb="0" cb="0"/><line nr="110" mi="11" ci="0" mb="2" cb="0"/><line nr="111" mi="13" ci="0" mb="0" cb="0"/><line nr="113" mi="2" ci="0" mb="0" cb="0"/><line nr="116" mi="4" ci="0" mb="0" cb="0"/><line nr="117" mi="5" ci="0" mb="0" cb="0"/><line nr="118" mi="8" ci="0" mb="0" cb="0"/><line nr="119" mi="4" ci="0" mb="0" cb="0"/><line nr="120" mi="4" ci="0" mb="0" cb="0"/><line nr="122" mi="13" ci="0" mb="0" cb="0"/><line nr="123" mi="11" ci="0" mb="2" cb="0"/><line nr="124" mi="13" ci="0" mb="0" cb="0"/><line nr="126" mi="2" ci="0" mb="0" cb="0"/><line nr="128" mi="4" ci="0" mb="0" cb="0"/><line nr="129" mi="12" ci="0" mb="0" cb="0"/><line nr="131" mi="4" ci="0" mb="0" cb="0"/><line nr="132" mi="12" ci="0" mb="0" cb="0"/><line nr="135" mi="1" ci="0" mb="0" cb="0"/><counter type="INSTRUCTION" missed="372" covered="0"/><counter type="BRANCH" missed="8" covered="0"/><counter type="LINE" missed="55" covered="0"/><counter type="COMPLEXITY" missed="6" covered="0"/><counter type="METHOD" missed="2" covered="0"/><counter type="CLASS" missed="1" covered="0"/></sourcefile><sourcefile name="CountingTR.java"><line nr="42" mi="3" ci="0" mb="0" cb="0"/><line nr="43" mi="3" ci="0" mb="0" cb="0"/><line nr="47" mi="3" ci="0" mb="0" cb="0"/><line nr="48" mi="3" ci="0" mb="0" cb="0"/><line nr="50" mi="2" ci="0" mb="0" cb="0"/><line nr="51" mi="6" ci="0" mb="0" cb="0"/><line nr="52" mi="5" ci="0" mb="0" cb="0"/><line nr="53" mi="4" ci="0" mb="0" cb="0"/><line nr="56" mi="17" ci="0" mb="0" cb="0"/><line nr="57" mi="2" ci="0" mb="0" cb="0"/><line nr="59" mi="2" ci="0" mb="0" cb="0"/><line nr="62" mi="3" ci="0" mb="0" cb="0"/><line nr="63" mi="8" ci="0" mb="2" cb="0"/><line nr="64" mi="26" ci="0" mb="0" cb="0"/><line nr="66" mi="2" ci="0" mb="0" cb="0"/><line nr="67" mi="7" ci="0" mb="2" cb="0"/><line nr="68" mi="3" ci="0" mb="0" cb="0"/><line nr="70" mi="7" ci="0" mb="0" cb="0"/><line nr="71" mi="5" ci="0" mb="0" cb="0"/><line nr="73" mi="2" ci="0" mb="0" cb="0"/><line nr="74" mi="8" ci="0" mb="0" cb="0"/><line nr="75" mi="17" ci="0" mb="0" cb="0"/><line nr="76" mi="4" ci="0" mb="0" cb="0"/><line nr="77" mi="2" ci="0" mb="0" cb="0"/><line nr="78" mi="2" ci="0" mb="0" cb="0"/><line nr="80" mi="2" ci="0" mb="0" cb="0"/><line nr="81" mi="1" ci="0" mb="0" cb="0"/><line nr="83" mi="2" ci="0" mb="0" cb="0"/><line nr="85" mi="3" ci="0" mb="2" cb="0"/><line nr="87" mi="13" ci="0" mb="0" cb="0"/><line nr="88" mi="2" ci="0" mb="0" cb="0"/><line nr="90" mi="2" ci="0" mb="0" cb="0"/><line nr="92" mi="2" ci="0" mb="0" cb="0"/><line nr="96" mi="1" ci="0" mb="0" cb="0"/><line nr="98" mi="4" ci="0" mb="0" cb="0"/><line nr="101" mi="16" ci="0" mb="2" cb="0"/><line nr="103" mi="2" ci="0" mb="0" cb="0"/><line nr="104" mi="2" ci="0" mb="0" cb="0"/><line nr="106" mi="2" ci="0" mb="0" cb="0"/><line nr="111" mi="15" ci="0" mb="0" cb="0"/><line nr="112" mi="2" ci="0" mb="0" cb="0"/><line nr="114" mi="2" ci="0" mb="0" cb="0"/><line nr="116" mi="1" ci="0" mb="0" cb="0"/><counter type="INSTRUCTION" missed="220" covered="0"/><counter type="BRANCH" missed="8" covered="0"/><counter type="LINE" missed="43" covered="0"/><counter type="COMPLEXITY" missed="9" covered="0"/><counter type="METHOD" missed="5" covered="0"/><counter type="CLASS" missed="2" covered="0"/></sourcefile><sourcefile name="PostMessage.java"><line nr="8" mi="3" ci="0" mb="0" cb="0"/><counter type="INSTRUCTION" missed="3" covered="0"/><counter type="LINE" missed="1" covered="0"/><counter type="COMPLEXITY" missed="1" covered="0"/><counter type="METHOD" missed="1" covered="0"/><counter type="CLASS" missed="1" covered="0"/></sourcefile><sourcefile name="TestTransaction.java"><line nr="25" mi="3" ci="0" mb="0" cb="0"/><line nr="35" mi="8" ci="0" mb="0" cb="0"/><line nr="37" mi="2" ci="0" mb="0" cb="0"/><line nr="39" mi="7" ci="0" mb="2" cb="0"/><line nr="40" mi="12" ci="0" mb="0" cb="0"/><line nr="41" mi="4" ci="0" mb="0" cb="0"/><line nr="45" mi="3" ci="0" mb="0" cb="0"/><line nr="46" mi="5" ci="0" mb="0" cb="0"/><line nr="47" mi="4" ci="0" mb="0" cb="0"/><line nr="48" mi="4" ci="0" mb="0" cb="0"/><line nr="49" mi="11" ci="0" mb="2" cb="0"/><line nr="51" mi="9" ci="0" mb="0" cb="0"/><line nr="55" mi="2" ci="0" mb="0" cb="0"/><line nr="56" mi="1" ci="0" mb="0" cb="0"/><counter type="INSTRUCTION" missed="75" covered="0"/><counter type="BRANCH" missed="4" covered="0"/><counter type="LINE" missed="14" covered="0"/><counter type="COMPLEXITY" missed="4" covered="0"/><counter type="METHOD" missed="2" covered="0"/><counter type="CLASS" missed="1" covered="0"/></sourcefile><sourcefile name="CountingSh.java"><line nr="32" mi="3" ci="0" mb="0" cb="0"/><line nr="37" mi="3" ci="0" mb="0" cb="0"/><line nr="38" mi="3" ci="0" mb="0" cb="0"/><line nr="40" mi="
[...]
 mi="11" ci="0" mb="0" cb="0"/><line nr="75" mi="2" ci="0" mb="0" cb="0"/><line nr="79" mi="1" ci="0" mb="0" cb="0"/><counter type="INSTRUCTION" missed="145" covered="0"/><counter type="BRANCH" missed="4" covered="0"/><counter type="LINE" missed="24" covered="0"/><counter type="COMPLEXITY" missed="4" covered="0"/><counter type="METHOD" missed="2" covered="0"/><counter type="CLASS" missed="1" covered="0"/></sourcefile><sourcefile name="PrefixQuery.java"><line nr="36" mi="3" ci="0" mb="0" cb="0"/><line nr="41" mi="3" ci="0" mb="0" cb="0"/><line nr="42" mi="3" ci="0" mb="0" cb="0"/><line nr="44" mi="4" ci="0" mb="0" cb="0"/><line nr="47" mi="4" ci="0" mb="0" cb="0"/><line nr="48" mi="2" ci="0" mb="0" cb="0"/><line nr="49" mi="4" ci="0" mb="0" cb="0"/><line nr="52" mi="12" ci="0" mb="0" cb="0"/><line nr="54" mi="4" ci="0" mb="0" cb="0"/><line nr="55" mi="5" ci="0" mb="0" cb="0"/><line nr="57" mi="13" ci="0" mb="0" cb="0"/><line nr="58" mi="2" ci="0" mb="0" cb="0"/><line nr="59" mi="11" ci="0" mb="2" cb="0"/><line nr="60" mi="11" ci="0" mb="0" cb="0"/><line nr="61" mi="2" ci="0" mb="0" cb="0"/><line nr="64" mi="4" ci="0" mb="0" cb="0"/><line nr="66" mi="4" ci="0" mb="0" cb="0"/><line nr="67" mi="12" ci="0" mb="0" cb="0"/><line nr="69" mi="4" ci="0" mb="0" cb="0"/><line nr="70" mi="5" ci="0" mb="0" cb="0"/><line nr="72" mi="13" ci="0" mb="0" cb="0"/><line nr="73" mi="2" ci="0" mb="0" cb="0"/><line nr="74" mi="11" ci="0" mb="2" cb="0"/><line nr="75" mi="11" ci="0" mb="0" cb="0"/><line nr="76" mi="2" ci="0" mb="0" cb="0"/><line nr="80" mi="4" ci="0" mb="0" cb="0"/><line nr="82" mi="12" ci="0" mb="0" cb="0"/><line nr="84" mi="4" ci="0" mb="0" cb="0"/><line nr="85" mi="5" ci="0" mb="0" cb="0"/><line nr="87" mi="13" ci="0" mb="0" cb="0"/><line nr="88" mi="2" ci="0" mb="0" cb="0"/><line nr="89" mi="11" ci="0" mb="2" cb="0"/><line nr="90" mi="12" ci="0" mb="0" cb="0"/><line nr="91" mi="2" ci="0" mb="0" cb="0"/><line nr="97" mi="4" ci="0" mb="0" cb="0"/><line nr="100" mi="3" ci="0" mb="0" cb="0"/><line nr="101" mi="10" ci="0" mb="0" cb="0"/><line nr="102" mi="11" ci="0" mb="0" cb="0"/><line nr="103" mi="9" ci="0" mb="0" cb="0"/><line nr="104" mi="7" ci="0" mb="0" cb="0"/><line nr="106" mi="4" ci="0" mb="0" cb="0"/><line nr="107" mi="5" ci="0" mb="0" cb="0"/><line nr="108" mi="3" ci="0" mb="2" cb="0"/><line nr="109" mi="4" ci="0" mb="0" cb="0"/><line nr="112" mi="4" ci="0" mb="0" cb="0"/><line nr="113" mi="17" ci="0" mb="0" cb="0"/><line nr="116" mi="4" ci="0" mb="0" cb="0"/><line nr="117" mi="1" ci="0" mb="0" cb="0"/><counter type="INSTRUCTION" missed="302" covered="0"/><counter type="BRANCH" missed="8" covered="0"/><counter type="LINE" missed="48" covered="0"/><counter type="COMPLEXITY" missed="6" covered="0"/><counter type="METHOD" missed="2" covered="0"/><counter type="CLASS" missed="1" covered="0"/></sourcefile><sourcefile name="PrefixClean.java"><line nr="36" mi="3" ci="0" mb="0" cb="0"/><line nr="41" mi="3" ci="0" mb="0" cb="0"/><line nr="42" mi="3" ci="0" mb="0" cb="0"/><line nr="45" mi="2" ci="0" mb="0" cb="0"/><line nr="47" mi="5" ci="0" mb="0" cb="0"/><line nr="48" mi="4" ci="0" mb="0" cb="0"/><line nr="49" mi="4" ci="0" mb="0" cb="0"/><line nr="50" mi="11" ci="0" mb="2" cb="0"/><line nr="51" mi="9" ci="0" mb="0" cb="0"/><line nr="52" mi="13" ci="0" mb="0" cb="0"/><line nr="54" mi="1" ci="0" mb="0" cb="0"/><counter type="INSTRUCTION" missed="58" covered="0"/><counter type="BRANCH" missed="2" covered="0"/><counter type="LINE" missed="11" covered="0"/><counter type="COMPLEXITY" missed="3" covered="0"/><counter type="METHOD" missed="2" covered="0"/><counter type="CLASS" missed="1" covered="0"/></sourcefile><sourcefile name="PetitionServlet.java"><line nr="31" mi="3" ci="0" mb="0" cb="0"/><line nr="36" mi="3" ci="0" mb="0" cb="0"/><line nr="37" mi="3" ci="0" mb="0" cb="0"/><line nr="39" mi="4" ci="0" mb="0" cb="0"/><line nr="40" mi="2" ci="0" mb="0" cb="0"/><line nr="43" mi="7" ci="0" mb="2" cb="0"/><line nr="44" mi="12" ci="0" mb="0" cb="0"/><line nr="45" mi="4" ci="0" mb="0" cb="0"/><line nr="46" mi="10" ci="0" mb="0" cb="0"/><line nr="47" mi="6" ci="0" mb="0" cb="0"/><line nr="48" mi="4" ci="0" mb="0" cb="0"/><line nr="51" mi="4" ci="0" mb="0" cb="0"/><line nr="52" mi="7" ci="0" mb="2" cb="0"/><line nr="53" mi="12" ci="0" mb="0" cb="0"/><line nr="55" mi="4" ci="0" mb="0" cb="0"/><line nr="56" mi="6" ci="0" mb="0" cb="0"/><line nr="59" mi="4" ci="0" mb="0" cb="0"/><line nr="60" mi="5" ci="0" mb="2" cb="0"/><line nr="61" mi="12" ci="0" mb="0" cb="0"/><line nr="63" mi="4" ci="0" mb="0" cb="0"/><line nr="65" mi="4" ci="0" mb="0" cb="0"/><line nr="66" mi="13" ci="0" mb="0" cb="0"/><line nr="69" mi="6" ci="0" mb="0" cb="0"/><line nr="71" mi="5" ci="0" mb="0" cb="0"/><line nr="72" mi="5" ci="0" mb="0" cb="0"/><line nr="73" mi="9" ci="0" mb="0" cb="0"/><line nr="74" mi="2" ci="0" mb="0" cb="0"/><line nr="76" mi="2" ci="0" mb="0" cb="0"/><line nr="78" mi="1" ci="0" mb="0" cb="0"/><counter type="INSTRUCTION" missed="163" covered="0"/><counter type="BRANCH" missed="6" covered="0"/><counter type="LINE" missed="29" covered="0"/><counter type="COMPLEXITY" missed="5" covered="0"/><counter type="METHOD" missed="2" covered="0"/><counter type="CLASS" missed="1" covered="0"/></sourcefile><sourcefile name="FriendServlet.java"><line nr="30" mi="3" ci="0" mb="0" cb="0"/><line nr="35" mi="3" ci="0" mb="0" cb="0"/><line nr="36" mi="3" ci="0" mb="0" cb="0"/><line nr="38" mi="4" ci="0" mb="0" cb="0"/><line nr="41" mi="7" ci="0" mb="2" cb="0"/><line nr="42" mi="12" ci="0" mb="0" cb="0"/><line nr="43" mi="10" ci="0" mb="0" cb="0"/><line nr="44" mi="10" ci="0" mb="0" cb="0"/><line nr="45" mi="9" ci="0" mb="0" cb="0"/><line nr="48" mi="4" ci="0" mb="0" cb="0"/><line nr="49" mi="5" ci="0" mb="2" cb="0"/><line nr="50" mi="12" ci="0" mb="0" cb="0"/><line nr="52" mi="4" ci="0" mb="0" cb="0"/><line nr="54" mi="2" ci="0" mb="0" cb="0"/><line nr="55" mi="4" ci="0" mb="0" cb="0"/><line nr="57" mi="17" ci="0" mb="0" cb="0"/><line nr="60" mi="1" ci="0" mb="0" cb="0"/><counter type="INSTRUCTION" missed="110" covered="0"/><counter type="BRANCH" missed="4" covered="0"/><counter type="LINE" missed="17" covered="0"/><counter type="COMPLEXITY" missed="4" covered="0"/><counter type="METHOD" missed="2" covered="0"/><counter type="CLASS" missed="1" covered="0"/></sourcefile><sourcefile name="HelloAppEngine.java"><line nr="15" mi="0" ci="3" mb="0" cb="0"/><line nr="16" mi="0" ci="6" mb="0" cb="0"/><line nr="17" mi="0" ci="3" mb="0" cb="0"/><line nr="23" mi="0" ci="3" mb="0" cb="0"/><line nr="24" mi="0" ci="3" mb="0" cb="0"/><line nr="26" mi="0" ci="4" mb="0" cb="0"/><line nr="27" mi="0" ci="11" mb="0" cb="0"/><line nr="28" mi="0" ci="11" mb="0" cb="0"/><line nr="29" mi="0" ci="10" mb="0" cb="0"/><line nr="30" mi="0" ci="16" mb="0" cb="0"/><line nr="32" mi="0" ci="7" mb="0" cb="2"/><line nr="33" mi="0" ci="6" mb="0" cb="0"/><line nr="35" mi="0" ci="14" mb="0" cb="0"/><line nr="36" mi="0" ci="11" mb="0" cb="0"/><line nr="37" mi="0" ci="1" mb="0" cb="0"/><counter type="INSTRUCTION" missed="0" covered="109"/><counter type="BRANCH" missed="0" covered="2"/><counter type="LINE" missed="0" covered="15"/><counter type="COMPLEXITY" missed="0" covered="4"/><counter type="METHOD" missed="0" covered="3"/><counter type="CLASS" missed="0" covered="1"/></sourcefile><sourcefile name="UsersServlet.java"><line nr="37" mi="3" ci="0" mb="0" cb="0"/><line nr="41" mi="2" ci="0" mb="0" cb="0"/><line nr="43" mi="3" ci="0" mb="0" cb="0"/><line nr="45" mi="3" ci="0" mb="0" cb="0"/><line nr="46" mi="3" ci="0" mb="2" cb="0"/><line nr="47" mi="2" ci="0" mb="0" cb="0"/><line nr="48" mi="1" ci="0" mb="0" cb="0"/><line nr="49" mi="5" ci="0" mb="0" cb="0"/><line nr="50" mi="4" ci="0" mb="0" cb="0"/><line nr="51" mi="2" ci="0" mb="0" cb="0"/><line nr="52" mi="4" ci="0" mb="0" cb="0"/><line nr="53" mi="2" ci="0" mb="0" cb="0"/><line nr="54" mi="1" ci="0" mb="0" cb="0"/><line nr="55" mi="2" ci="0" mb="0" cb="0"/><line nr="56" mi="1" ci="0" mb="0" cb="0"/><line nr="57" mi="11" ci="0" mb="0" cb="0"/><line nr="59" mi="1" ci="0" mb="0" cb="0"/><counter type="INSTRUCTION" missed="50" covered="0"/><counter type="BRANCH" missed="2" covered="0"/><counter type="LINE" missed="17" covered="0"/><counter type="COMPLEXITY" missed="3" covered="0"/><counter type="METHOD" missed="2" covered="0"/><counter type="CLASS" missed="1" covered="0"/></sourcefile><sourcefile name="ImpulseEndpoint.java"><line nr="74" mi="3" ci="0" mb="0" cb="0"/><line nr="148" mi="2" ci="0" mb="0" cb="0"/><line nr="150" mi="2" ci="0" mb="0" cb="0"/><line nr="151" mi="8" ci="0" mb="5" cb="0"/><line nr="153" mi="2" ci="0" mb="0" cb="0"/><line nr="154" mi="1" ci="0" mb="0" cb="0"/><line nr="156" mi="2" ci="0" mb="0" cb="0"/><line nr="157" mi="1" ci="0" mb="0" cb="0"/><line nr="159" mi="2" ci="0" mb="0" cb="0"/><line nr="160" mi="1" ci="0" mb="0" cb="0"/><line nr="162" mi="2" ci="0" mb="0" cb="0"/><line nr="163" mi="1" ci="0" mb="0" cb="0"/><line nr="165" mi="2" ci="0" mb="0" cb="0"/><line nr="169" mi="2" ci="0" mb="0" cb="0"/><line nr="170" mi="8" ci="0" mb="3" cb="0"/><line nr="172" mi="2" ci="0" mb="0" cb="0"/><line nr="173" mi="1" ci="0" mb="0" cb="0"/><line nr="176" mi="2" ci="0" mb="0" cb="0"/><line nr="177" mi="1" ci="0" mb="0" cb="0"/><line nr="180" mi="2" ci="0" mb="0" cb="0"/><line nr="185" mi="8" ci="0" mb="0" cb="0"/><line nr="186" mi="4" ci="0" mb="0" cb="0"/><line nr="188" mi="6" ci="0" mb="0" cb="0"/><line nr="190" mi="7" ci="0" mb="0" cb="0"/><line nr="191" mi="2" ci="0" mb="0" cb="0"/><line nr="199" mi="2" ci="0" mb="0" cb="0"/><line nr="201" mi="12" ci="0" mb="0" cb="0"/><line nr="202" mi="5" ci="0" mb="0" cb="0"/><line nr="204" mi="4" ci="0" mb="0" cb="0"/><line nr="205" mi="5" ci="0" mb="0" cb="0"/><line nr="207" mi="6" ci="0" mb="0" cb="0"/><line nr="208" mi="9" ci="0" mb="0" cb="0"/><line nr="210" mi="7" ci="0" mb="2" cb="0"/><line nr="212" mi="5" ci="0" mb="0" cb="0"/><line nr="213" mi="12" ci="0" mb="0" cb="0"/><line nr="214" mi="7" ci="0" mb="0" cb="0"/><line nr="217" mi="16" ci="0" mb="0" cb="0"/><line nr="220" mi="2" ci="0" mb="0" cb="0"/><line nr="221" mi="2" ci="0" mb="0" cb="0"/><line nr="222" mi="9" ci="0" mb="5" cb="0"/><line nr="224" mi="2" ci="0" mb="0" cb="0"/><line nr="225" mi="5" ci="0" mb="0" cb="0"/><line nr="226" mi="5" ci="0" mb="0" cb="0"/><line nr="227" mi="4" ci="0" mb="0" cb="0"/><line nr="228" mi="1" ci="0" mb="0" cb="0"/><line nr="231" mi="2" ci="0" mb="0" cb="0"/><line nr="232" mi="5" ci="0" mb="0" cb="0"/><line nr="233" mi="5" ci="0" mb="0" cb="0"/><line nr="234" mi="4" ci="0" mb="0" cb="0"/><line nr="235" mi="1" ci="0" mb="0" cb="0"/><line nr="238" mi="2" ci="0" mb="0" cb="0"/><line nr="239" mi="5" ci="0" mb="0" cb="0"/><line nr="240" mi="5" ci="0" mb="0" cb="0"/><line nr="241" mi="4" ci="0" mb="0" cb="0"/><line nr="243" mi="1" ci="0" mb="0" cb="0"/><line nr="246" mi="2" ci="0" mb="0" cb="0"/><line nr="247" mi="6" ci="0" mb="0" cb="0"/><line nr="248" mi="6" ci="0" mb="0" cb="0"/><line nr="249" mi="14" ci="0" mb="4" cb="0"/><line nr="251" mi="1" ci="0" mb="0" cb="0"/><line nr="254" mi="2" ci="0" mb="0" cb="0"/><line nr="258" mi="2" ci="0" mb="0" cb="0"/><line nr="264" mi="3" ci="0" mb="2" cb="0"/><line nr="265" mi="2" ci="0" mb="0" cb="0"/><line nr="268" mi="2" ci="0" mb="0" cb="0"/><line nr="275" mi="2" ci="0" mb="0" cb="0"/><line nr="278" mi="2" ci="0" mb="0" cb="0"/><line nr="279" mi="8" ci="0" mb="5" cb="0"/><line nr="281" mi="2" ci="0" mb="0" cb="0"/><line nr="282" mi="1" ci="0" mb="0" cb="0"/><line nr="284" mi="2" ci="0" mb="0" cb="0"/><line nr="285" mi="1" ci="0" mb="0" cb="0"/><line nr="287" mi="2" ci="0" mb="0" cb="0"/><line nr="288" mi="1" ci="0" mb="0" cb="0"/><line nr="290" mi="2" ci="0" mb="0" cb="0"/><line nr="291" mi="1" ci="0" mb="0" cb="0"/><line nr="293" mi="2" ci="0" mb="0" cb="0"/><line nr="297" mi="2" ci="0" mb="0" cb="0"/><line nr="298" mi="8" ci="0" mb="3" cb="0"/><line nr="300" mi="2" ci="0" mb="0" cb="0"/><line nr="301" mi="1" ci="0" mb="0" cb="0"/><line nr="304" mi="2" ci="0" mb="0" cb="0"/><line nr="305" mi="1" ci="0" mb="0" cb="0"/><line nr="308" mi="2" ci="0" mb="0" cb="0"/><line nr="313" mi="12" ci="0" mb="0" cb="0"/><line nr="314" mi="5" ci="0" mb="0" cb="0"/><line nr="316" mi="2" ci="0" mb="2" cb="0"/><line nr="317" mi="12" ci="0" mb="0" cb="0"/><line nr="321" mi="13" ci="0" mb="0" cb="0"/><line nr="322" mi="5" ci="0" mb="0" cb="0"/><line nr="323" mi="4" ci="0" mb="0" cb="0"/><line nr="325" mi="6" ci="0" mb="0" cb="0"/><line nr="327" mi="7" ci="0" mb="0" cb="0"/><line nr="329" mi="2" ci="0" mb="0" cb="0"/><line nr="341" mi="8" ci="0" mb="0" cb="0"/><line nr="343" mi="2" ci="0" mb="0" cb="0"/><line nr="345" mi="4" ci="0" mb="0" cb="0"/><line nr="346" mi="5" ci="0" mb="0" cb="0"/><line nr="347" mi="2" ci="0" mb="0" cb="0"/><line nr="355" mi="2" ci="0" mb="0" cb="0"/><line nr="356" mi="4" ci="0" mb="0" cb="0"/><line nr="358" mi="6" ci="0" mb="0" cb="0"/><line nr="359" mi="7" ci="0" mb="0" cb="0"/><line nr="360" mi="7" ci="0" mb="0" cb="0"/><line nr="362" mi="5" ci="0" mb="0" cb="0"/><line nr="364" mi="2" ci="0" mb="2" cb="0"/><line nr="365" mi="2" ci="0" mb="0" cb="0"/><line nr="367" mi="2" ci="0" mb="0" cb="0"/><line nr="375" mi="2" ci="0" mb="0" cb="0"/><line nr="376" mi="4" ci="0" mb="0" cb="0"/><line nr="378" mi="6" ci="0" mb="0" cb="0"/><line nr="379" mi="7" ci="0" mb="0" cb="0"/><line nr="380" mi="7" ci="0" mb="0" cb="0"/><line nr="382" mi="5" ci="0" mb="0" cb="0"/><line nr="384" mi="2" ci="0" mb="2" cb="0"/><line nr="385" mi="2" ci="0" mb="0" cb="0"/><line nr="388" mi="2" ci="0" mb="0" cb="0"/><line nr="395" mi="5" ci="0" mb="0" cb="0"/><line nr="397" mi="4" ci="0" mb="0" cb="0"/><line nr="398" mi="2" ci="0" mb="0" cb="0"/><line nr="399" mi="4" ci="0" mb="0" cb="0"/><line nr="401" mi="7" ci="0" mb="0" cb="0"/><line nr="402" mi="7" ci="0" mb="0" cb="0"/><line nr="403" mi="12" ci="0" mb="0" cb="0"/><line nr="404" mi="7" ci="0" mb="0" cb="0"/><line nr="407" mi="5" ci="0" mb="0" cb="0"/><line nr="408" mi="2" ci="0" mb="0" cb="0"/><line nr="410" mi="2" ci="0" mb="2" cb="0"/><line nr="412" mi="6" ci="0" mb="0" cb="0"/><line nr="413" mi="3" ci="0" mb="0" cb="0"/><line nr="414" mi="4" ci="0" mb="0" cb="0"/><line nr="415" mi="4" ci="0" mb="0" cb="0"/><line nr="416" mi="4" ci="0" mb="0" cb="0"/><line nr="417" mi="4" ci="0" mb="0" cb="0"/><line nr="419" mi="1" ci="0" mb="0" cb="0"/><line nr="420" mi="2" ci="0" mb="0" cb="0"/><line nr="421" mi="5" ci="0" mb="0" cb="0"/><line nr="422" mi="1" ci="0" mb="0" cb="0"/><line nr="425" mi="6" ci="0" mb="0" cb="0"/><line nr="427" mi="4" ci="0" mb="0" cb="0"/><line nr="428" mi="4" ci="0" mb="0" cb="0"/><line nr="429" mi="4" ci="0" mb="0" cb="0"/><line nr="430" mi="5" ci="0" mb="0" cb="0"/><line nr="431" mi="6" ci="0" mb="0" cb="0"/><line nr="432" mi="4" ci="0" mb="0" cb="0"/><line nr="434" mi="1" ci="0" mb="0" cb="0"/><line nr="435" mi="2" ci="0" mb="0" cb="0"/><line nr="436" mi="5" ci="0" mb="0" cb="0"/><line nr="437" mi="1" ci="0" mb="0" cb="0"/><line nr="439" mi="2" ci="0" mb="0" cb="0"/><line nr="447" mi="2" ci="0" mb="0" cb="0"/><line nr="448" mi="4" ci="0" mb="0" cb="0"/><line nr="449" mi="4" ci="0" mb="0" cb="0"/><line nr="451" mi="4" ci="0" mb="0" cb="0"/><line nr="452" mi="7" ci="0" mb="2" cb="0"/><line nr="453" mi="14" ci="0" mb="0" cb="0"/><line nr="454" mi="4" ci="0" mb="0" cb="0"/><line nr="455" mi="5" ci="0" mb="0" cb="0"/><line nr="456" mi="4" ci="0" mb="0" cb="0"/><line nr="460" mi="7" ci="0" mb="0" cb="0"/><line nr="461" mi="7" ci="0" mb="0" cb="0"/><line nr="462" mi="5" ci="0" mb="0" cb="0"/><line nr="464" mi="2" ci="0" mb="2" cb="0"/><line nr="465" mi="6" ci="0" mb="0" cb="0"/><line nr="467" mi="5" ci="0" mb="0" cb="0"/><line nr="469" mi="4" ci="0" mb="2" cb="0"/><line nr="471" mi="7" ci="0" mb="0" cb="0"/><line nr="472" mi="7" ci="0" mb="0" cb="0"/><line nr="473" mi="5" ci="0" mb="0" cb="0"/><line nr="475" mi="3" ci="0" mb="0" cb="0"/><line nr="478" mi="5" ci="0" mb="0" cb="0"/><line nr="479" mi="8" ci="0" mb="0" cb="0"/><line nr="480" mi="5" ci="0" mb="0" cb="0"/><line nr="481" mi="8" ci="0" mb="0" cb="0"/><line nr="482" mi="4" ci="0" mb="0" cb="0"/><line nr="483" mi="2" ci="0" mb="0" cb="0"/><line nr="485" mi="1" ci="0" mb="0" cb="0"/><line nr="486" mi="2" ci="0" mb="0" cb="0"/><line nr="487" mi="2" ci="0" mb="0" cb="0"/><line nr="491" mi="3" ci="0" mb="2" cb="0"/><line nr="492" mi="2" ci="0" mb="0" cb="0"/><line nr="496" mi="3" ci="0" mb="0" cb="0"/><line nr="499" mi="5" ci="0" mb="0" cb="0"/><line nr="500" mi="4" ci="0" mb="0" cb="0"/><line nr="501" mi="5" ci="0" mb="0" cb="0"/><line nr="504" mi="3" ci="0" mb="0" cb="0"/><line nr="505" mi="10" ci="0" mb="2" cb="0"/><line nr="506" mi="13" ci="0" mb="0" cb="0"/><line nr="507" mi="1" ci="0" mb="0" cb="0"/><line nr="509" mi="5" ci="0" mb="0" cb="0"/><line nr="510" mi="9" ci="0" mb="0" cb="0"/><line nr="511" mi="5" ci="0" mb="0" cb="0"/><line nr="514" mi="2" ci="0" mb="0" cb="0"/><line nr="516" mi="1" ci="0" mb="0" cb="0"/><line nr="517" mi="2" ci="0" mb="0" cb="0"/><line nr="518" mi="2" ci="0" mb="0" cb="0"/><line nr="522" mi="3" ci="0" mb="2" cb="0"/><line nr="523" mi="2" ci="0" mb="0" cb="0"/><line nr="527" mi="2" ci="0" mb="0" cb="0"/><line nr="530" mi="5" ci="0" mb="0" cb="0"/><line nr="535" mi="5" ci="0" mb="0" cb="0"/><counter type="INSTRUCTION" missed="845" covered="0"/><counter type="BRANCH" missed="49" covered="0"/><counter type="LINE" missed="201" covered="0"/><counter type="COMPLEXITY" missed="41" covered="0"/><counter type="METHOD" missed="11" covered="0"/><counter type="CLASS" missed="2" covered="0"/></sourcefile><sourcefile name="PrefixServlet.java"><line nr="34" mi="3" ci="0" mb="0" cb="0"/><line nr="36" mi="5" ci="0" mb="0" cb="0"/><line nr="40" mi="3" ci="0" mb="0" cb="0"/><line nr="41" mi="3" ci="0" mb="0" cb="0"/><line nr="42" mi="1" ci="0" mb="0" cb="0"/><line nr="43" mi="1" ci="0" mb="0" cb="0"/><line nr="44" mi="3" ci="0" mb="0" cb="0"/><line nr="45" mi="3" ci="0" mb="0" cb="0"/><line nr="51" mi="3" ci="0" mb="0" cb="0"/><line nr="52" mi="3" ci="0" mb="0" cb="0"/><line nr="54" mi="2" ci="0" mb="0" cb="0"/><line nr="57" mi="5" ci="0" mb="0" cb="0"/><line nr="58" mi="2" ci="0" mb="0" cb="0"/><line nr="63" mi="7" ci="0" mb="2" cb="0"/><line nr="64" mi="7" ci="0" mb="2" cb="0"/><line nr="65" mi="5" ci="0" mb="0" cb="0"/><line nr="66" mi="17" ci="0" mb="0" cb="0"/><line nr="67" mi="11" ci="0" mb="0" cb="0"/><line nr="68" mi="11" ci="0" mb="0" cb="0"/><line nr="69" mi="10" ci="0" mb="0" cb="0"/><line nr="70" mi="6" ci="0" mb="0" cb="0"/><line nr="73" mi="4" ci="0" mb="0" cb="0"/><line nr="74" mi="5" ci="0" mb="2" cb="0"/><line nr="75" mi="12" ci="0" mb="0" cb="0"/><line nr="77" mi="4" ci="0" mb="0" cb="0"/><line nr="79" mi="4" ci="0" mb="0" cb="0"/><line nr="80" mi="5" ci="0" mb="2" cb="0"/><line nr="81" mi="12" ci="0" mb="0" cb="0"/><line nr="83" mi="4" ci="0" mb="0" cb="0"/><line nr="84" mi="6" ci="0" mb="0" cb="0"/><line nr="86" mi="4" ci="0" mb="0" cb="0"/><line nr="87" mi="17" ci="0" mb="0" cb="0"/><line nr="91" mi="1" ci="0" mb="0" cb="0"/><counter type="INSTRUCTION" missed="189" covered="0"/><counter type="BRANCH" missed="8" covered="0"/><counter type="LINE" missed="33" covered="0"/><counter type="COMPLEXITY" missed="8" covered="0"/><counter type="METHOD" missed="4" covered="0"/><counter type="CLASS" missed="1" covered="0"/></sourcefile><counter type="INSTRUCTION" missed="4373" covered="109"/><counter type="BRANCH" missed="159" covered="2"/><counter type="LINE" missed="837" covered="15"/><counter type="COMPLEXITY" missed="162" covered="4"/><counter type="METHOD" missed="77" covered="3"/><counter type="CLASS" missed="28" covered="1"/></package><counter type="INSTRUCTION" missed="4373" covered="109"/><counter type="BRANCH" missed="159" covered="2"/><counter type="LINE" missed="837" covered="15"/><counter type="COMPLEXITY" missed="162" covered="4"/><counter type="METHOD" missed="77" covered="3"/><counter type="CLASS" missed="28" covered="1"/></report>